<?xml version="1.0" encoding="UTF-8"?>
<!-- Generated by org.testng.reporters.JUnitXMLReporter -->
<testsuite ignored="0" hostname="DESKTOP-AV62DVG" failures="0" tests="3" name="Default test" time="51.084" errors="0" timestamp="2025-07-16T17:41:30 IST">
  <testcase classname="adminModeratorValidation.ModeratorValidation" name="validateAddModeratorFunctionality" time="18.074"/>
  <testcase classname="adminModeratorValidation.ModeratorValidation" name="validateUpdateModeratorFunctionality" time="19.162"/>
  <testcase classname="adminModeratorValidation.ModeratorValidation" name="validateDeleteModeratorFunctionality" time="6.698"/>
</testsuite> <!-- Default test -->
