<?xml version="1.0" encoding="UTF-8"?>
<!-- Generated by org.testng.reporters.JUnitXMLReporter -->
<testsuite ignored="1" hostname="DESKTOP-AV62DVG" failures="0" tests="1" name="Default test" time="9.38" errors="0" timestamp="2025-06-09T17:31:12 IST">
  <testcase classname="UserAppLoginValidation.VerifyLoginFunctionality" name="verifyLogin" time="2.053"/>
  <testcase classname="UserAppLoginValidation.VerifyLoginFunctionality" name="verifyLoginWithInvalidCredentials" time="0.0">
    <ignored/>
  </testcase> <!-- verifyLoginWithInvalidCredentials -->
</testsuite> <!-- Default test -->
