<?xml version="1.0" encoding="UTF-8"?>
<testng-results ignored="6" total="7" passed="1" failed="0" skipped="0">
  <reporter-output>
    <line>
      <![CDATA[Admin login successful]]>
    </line>
    <line>
      <![CDATA[Events found with the name: AI Automation Webinar]]>
    </line>
    <line>
      <![CDATA[No existing speakers found with the name: Kajal]]>
    </line>
    <line>
      <![CDATA[Admin logout successful]]>
    </line>
  </reporter-output>
  <suite started-at="2025-07-21T18:15:08 IST" name="Default suite" finished-at="2025-07-21T18:15:36 IST" duration-ms="28232">
    <groups>
    </groups>
    <test started-at="2025-07-21T18:15:08 IST" name="Default test" finished-at="2025-07-21T18:15:36 IST" duration-ms="28232">
      <class name="adminWebinarValidationScript.UpdateWebinar">
        <test-method is-config="true" signature="preCondition()[pri:0, instance:adminWebinarValidationScript.UpdateWebinar@37883b97]" started-at="2025-07-21T18:15:08 IST" name="preCondition" finished-at="2025-07-21T18:15:14 IST" duration-ms="6313" status="PASS">
          <reporter-output>
            <line>
              <![CDATA[Admin login successful]]>
            </line>
          </reporter-output>
        </test-method> <!-- preCondition -->
        <test-method is-config="true" signature="setUp()[pri:0, instance:adminWebinarValidationScript.UpdateWebinar@37883b97]" started-at="2025-07-21T18:15:14 IST" name="setUp" finished-at="2025-07-21T18:15:19 IST" duration-ms="4833" status="PASS">
          <reporter-output>
            <line>
              <![CDATA[Events found with the name: AI Automation Webinar]]>
            </line>
          </reporter-output>
        </test-method> <!-- setUp -->
        <test-method signature="addExistingSpeaker([Ljava.lang.String;)[pri:9, instance:adminWebinarValidationScript.UpdateWebinar@37883b97]" started-at="2025-07-21T18:15:19 IST" name="addExistingSpeaker" data-provider="dynamicData" finished-at="2025-07-21T18:15:35 IST" duration-ms="16177" status="PASS">
          <params>
            <param index="0">
              <value>
                <![CDATA[[Ljava.lang.String;@6bda1d19]]>
              </value>
            </param>
          </params>
          <reporter-output>
            <line>
              <![CDATA[No existing speakers found with the name: Kajal]]>
            </line>
          </reporter-output>
        </test-method> <!-- addExistingSpeaker -->
        <test-method is-config="true" signature="postCondition()[pri:0, instance:adminWebinarValidationScript.UpdateWebinar@37883b97]" started-at="2025-07-21T18:15:35 IST" name="postCondition" finished-at="2025-07-21T18:15:36 IST" duration-ms="836" status="PASS">
          <reporter-output>
            <line>
              <![CDATA[Admin logout successful]]>
            </line>
          </reporter-output>
        </test-method> <!-- postCondition -->
      </class> <!-- adminWebinarValidationScript.UpdateWebinar -->
    </test> <!-- Default test -->
  </suite> <!-- Default suite -->
</testng-results>
