<?xml version="1.0" encoding="UTF-8"?>
<testng-results ignored="0" total="2" passed="2" failed="0" skipped="0">
  <reporter-output>
    <line>
      <![CDATA[Admin login successful]]>
    </line>
    <line>
      <![CDATA[Video uploaded successfully.]]>
    </line>
    <line>
      <![CDATA[Video deleted successfully.]]>
    </line>
  </reporter-output>
  <suite started-at="2025-07-10T17:17:38 IST" name="Default suite" finished-at="2025-07-10T17:18:00 IST" duration-ms="22248">
    <groups>
    </groups>
    <test started-at="2025-07-10T17:17:38 IST" name="Default test" finished-at="2025-07-10T17:18:00 IST" duration-ms="22248">
      <class name="adminWorkshopValidation.WorkshopVideoValidation">
        <test-method is-config="true" signature="preCondition()[pri:0, instance:adminWorkshopValidation.WorkshopVideoValidation@757277dc]" started-at="2025-07-10T17:17:38 IST" name="preCondition" finished-at="2025-07-10T17:17:45 IST" duration-ms="6419" status="PASS">
          <reporter-output>
            <line>
              <![CDATA[Admin login successful]]>
            </line>
          </reporter-output>
        </test-method> <!-- preCondition -->
        <test-method is-config="true" signature="setup()[pri:0, instance:adminWorkshopValidation.WorkshopVideoValidation@757277dc]" started-at="2025-07-10T17:17:45 IST" name="setup" finished-at="2025-07-10T17:17:50 IST" duration-ms="5217" status="PASS">
          <reporter-output>
          </reporter-output>
        </test-method> <!-- setup -->
        <test-method signature="validateAddVideo()[pri:0, instance:adminWorkshopValidation.WorkshopVideoValidation@757277dc]" started-at="2025-07-10T17:17:50 IST" name="validateAddVideo" finished-at="2025-07-10T17:17:57 IST" duration-ms="6853" status="PASS">
          <reporter-output>
            <line>
              <![CDATA[Video uploaded successfully.]]>
            </line>
          </reporter-output>
        </test-method> <!-- validateAddVideo -->
        <test-method signature="validateDeleteVideo()[pri:0, instance:adminWorkshopValidation.WorkshopVideoValidation@757277dc]" started-at="2025-07-10T17:17:57 IST" name="validateDeleteVideo" finished-at="2025-07-10T17:18:00 IST" duration-ms="3408" status="PASS">
          <reporter-output>
            <line>
              <![CDATA[Video deleted successfully.]]>
            </line>
          </reporter-output>
        </test-method> <!-- validateDeleteVideo -->
        <test-method is-config="true" signature="postCondition()[pri:0, instance:adminWorkshopValidation.WorkshopVideoValidation@757277dc]" started-at="2025-07-10T17:18:00 IST" name="postCondition" finished-at="2025-07-10T17:18:00 IST" duration-ms="296" status="PASS">
          <reporter-output>
          </reporter-output>
        </test-method> <!-- postCondition -->
      </class> <!-- adminWorkshopValidation.WorkshopVideoValidation -->
    </test> <!-- Default test -->
  </suite> <!-- Default suite -->
</testng-results>
