<?xml version="1.0" encoding="UTF-8"?>
<testng-results ignored="0" total="2" passed="2" failed="0" skipped="0">
  <reporter-output>
    <line>
      <![CDATA[Admin login successful]]>
    </line>
    <line>
      <![CDATA[Events found with the name: AI Automation Panel Discussion]]>
    </line>
    <line>
      <![CDATA[✅ Verified :  : upload completed successfully!]]>
    </line>
    <line>
      <![CDATA[✅ Verified :  : video deleted successfully!]]>
    </line>
    <line>
      <![CDATA[Admin logout successful]]>
    </line>
  </reporter-output>
  <suite started-at="2025-07-24T16:46:05 IST" name="Default suite" finished-at="2025-07-24T16:46:38 IST" duration-ms="32704">
    <groups>
    </groups>
    <test started-at="2025-07-24T16:46:05 IST" name="Default test" finished-at="2025-07-24T16:46:38 IST" duration-ms="32704">
      <class name="adminPanelDiscValidationScripts.PDVideoTest">
        <test-method is-config="true" signature="preCondition()[pri:0, instance:adminPanelDiscValidationScripts.PDVideoTest@757277dc]" started-at="2025-07-24T16:46:05 IST" name="preCondition" finished-at="2025-07-24T16:46:16 IST" duration-ms="10200" status="PASS">
          <reporter-output>
            <line>
              <![CDATA[Admin login successful]]>
            </line>
          </reporter-output>
        </test-method> <!-- preCondition -->
        <test-method is-config="true" signature="setup()[pri:0, instance:adminPanelDiscValidationScripts.PDVideoTest@757277dc]" started-at="2025-07-24T16:46:16 IST" name="setup" finished-at="2025-07-24T16:46:21 IST" duration-ms="5011" status="PASS">
          <reporter-output>
            <line>
              <![CDATA[Events found with the name: AI Automation Panel Discussion]]>
            </line>
          </reporter-output>
        </test-method> <!-- setup -->
        <test-method signature="validateAddVideo()[pri:1, instance:adminPanelDiscValidationScripts.PDVideoTest@757277dc]" started-at="2025-07-24T16:46:21 IST" name="validateAddVideo" finished-at="2025-07-24T16:46:33 IST" duration-ms="12172" status="PASS">
          <reporter-output>
            <line>
              <![CDATA[✅ Verified :  : upload completed successfully!]]>
            </line>
          </reporter-output>
        </test-method> <!-- validateAddVideo -->
        <test-method signature="validateDeleteVideo()[pri:2, instance:adminPanelDiscValidationScripts.PDVideoTest@757277dc]" started-at="2025-07-24T16:46:33 IST" name="validateDeleteVideo" finished-at="2025-07-24T16:46:37 IST" duration-ms="4625" status="PASS">
          <reporter-output>
            <line>
              <![CDATA[✅ Verified :  : video deleted successfully!]]>
            </line>
          </reporter-output>
        </test-method> <!-- validateDeleteVideo -->
        <test-method is-config="true" signature="postCondition()[pri:0, instance:adminPanelDiscValidationScripts.PDVideoTest@757277dc]" started-at="2025-07-24T16:46:37 IST" name="postCondition" finished-at="2025-07-24T16:46:38 IST" duration-ms="635" status="PASS">
          <reporter-output>
            <line>
              <![CDATA[Admin logout successful]]>
            </line>
          </reporter-output>
        </test-method> <!-- postCondition -->
      </class> <!-- adminPanelDiscValidationScripts.PDVideoTest -->
    </test> <!-- Default test -->
  </suite> <!-- Default suite -->
</testng-results>
