<?xml version="1.0" encoding="UTF-8"?>
<testng-results ignored="6" total="7" passed="1" failed="0" skipped="0">
  <reporter-output>
    <line>
      <![CDATA[Admin login successful]]>
    </line>
  </reporter-output>
  <suite started-at="2025-07-04T17:40:29 IST" name="Default suite" finished-at="2025-07-04T17:40:46 IST" duration-ms="17116">
    <groups>
    </groups>
    <test started-at="2025-07-04T17:40:29 IST" name="Default test" finished-at="2025-07-04T17:40:46 IST" duration-ms="17116">
      <class name="adminConferenceValidation.DashboardValidation1">
        <test-method is-config="true" signature="preCondition()[pri:0, instance:adminConferenceValidation.DashboardValidation1@4e3958e7]" started-at="2025-07-04T17:40:29 IST" name="preCondition" finished-at="2025-07-04T17:40:35 IST" duration-ms="5820" status="PASS">
          <reporter-output>
            <line>
              <![CDATA[Admin login successful]]>
            </line>
          </reporter-output>
        </test-method> <!-- preCondition -->
        <test-method is-config="true" signature="setup()[pri:0, instance:adminConferenceValidation.DashboardValidation1@4e3958e7]" started-at="2025-07-04T17:40:35 IST" name="setup" finished-at="2025-07-04T17:40:38 IST" duration-ms="2578" status="PASS">
          <reporter-output>
          </reporter-output>
        </test-method> <!-- setup -->
        <test-method signature="verifyRegistrationBreakdownWithAttendeeData()[pri:3, instance:adminConferenceValidation.DashboardValidation1@4e3958e7]" started-at="2025-07-04T17:40:38 IST" name="verifyRegistrationBreakdownWithAttendeeData" finished-at="2025-07-04T17:40:46 IST" duration-ms="8402" status="PASS">
          <reporter-output>
          </reporter-output>
        </test-method> <!-- verifyRegistrationBreakdownWithAttendeeData -->
        <test-method is-config="true" signature="postCondition()[pri:0, instance:adminConferenceValidation.DashboardValidation1@4e3958e7]" started-at="2025-07-04T17:40:46 IST" name="postCondition" finished-at="2025-07-04T17:40:46 IST" duration-ms="270" status="PASS">
          <reporter-output>
          </reporter-output>
        </test-method> <!-- postCondition -->
      </class> <!-- adminConferenceValidation.DashboardValidation1 -->
    </test> <!-- Default test -->
  </suite> <!-- Default suite -->
</testng-results>
