<?xml version="1.0" encoding="UTF-8"?>
<testng-results ignored="0" total="5" passed="5" failed="0" skipped="0">
  <reporter-output>
    <line>
      <![CDATA[Admin login successful]]>
    </line>
    <line>
      <![CDATA[▶ webinar → Total Dashboard Count: 7]]>
    </line>
    <line>
      <![CDATA[→ Found: 7]]>
    </line>
    <line>
      <![CDATA[✔ Total filter validated
]]>
    </line>
    <line>
      <![CDATA[▶ webinar → Live Dashboard Count: 2]]>
    </line>
    <line>
      <![CDATA[→ Found: 2]]>
    </line>
    <line>
      <![CDATA[✔ Live filter validated
]]>
    </line>
    <line>
      <![CDATA[▶ webinar → Upcoming Dashboard Count: 1]]>
    </line>
    <line>
      <![CDATA[→ Found: 1]]>
    </line>
    <line>
      <![CDATA[✔ Upcoming filter validated
]]>
    </line>
    <line>
      <![CDATA[▶ webinar → Past Dashboard Count: 2]]>
    </line>
    <line>
      <![CDATA[→ Found: 2]]>
    </line>
    <line>
      <![CDATA[✔ Past filter validated
]]>
    </line>
    <line>
      <![CDATA[▶ webinar → Pending Dashboard Count: 2]]>
    </line>
    <line>
      <![CDATA[→ Found: 2]]>
    </line>
    <line>
      <![CDATA[✔ Pending filter validated
]]>
    </line>
    <line>
      <![CDATA[▶ panel → Total Dashboard Count: 7]]>
    </line>
    <line>
      <![CDATA[→ Found: 7]]>
    </line>
    <line>
      <![CDATA[✔ Total filter validated
]]>
    </line>
    <line>
      <![CDATA[▶ panel → Live Dashboard Count: 0]]>
    </line>
    <line>
      <![CDATA[→ Found: 0]]>
    </line>
    <line>
      <![CDATA[✔ Live filter validated
]]>
    </line>
    <line>
      <![CDATA[▶ panel → Upcoming Dashboard Count: 0]]>
    </line>
    <line>
      <![CDATA[→ Found: 0]]>
    </line>
    <line>
      <![CDATA[✔ Upcoming filter validated
]]>
    </line>
    <line>
      <![CDATA[▶ panel → Past Dashboard Count: 0]]>
    </line>
    <line>
      <![CDATA[→ Found: 0]]>
    </line>
    <line>
      <![CDATA[✔ Past filter validated
]]>
    </line>
    <line>
      <![CDATA[▶ panel → Pending Dashboard Count: 7]]>
    </line>
    <line>
      <![CDATA[→ Found: 7]]>
    </line>
    <line>
      <![CDATA[✔ Pending filter validated
]]>
    </line>
    <line>
      <![CDATA[▶ podcast → Total Dashboard Count: 1]]>
    </line>
    <line>
      <![CDATA[→ Found: 1]]>
    </line>
    <line>
      <![CDATA[✔ Total filter validated
]]>
    </line>
    <line>
      <![CDATA[▶ podcast → Live Dashboard Count: 0]]>
    </line>
    <line>
      <![CDATA[→ Found: 0]]>
    </line>
    <line>
      <![CDATA[✔ Live filter validated
]]>
    </line>
    <line>
      <![CDATA[▶ podcast → Upcoming Dashboard Count: 1]]>
    </line>
    <line>
      <![CDATA[→ Found: 1]]>
    </line>
    <line>
      <![CDATA[✔ Upcoming filter validated
]]>
    </line>
    <line>
      <![CDATA[▶ podcast → Past Dashboard Count: 0]]>
    </line>
    <line>
      <![CDATA[→ Found: 0]]>
    </line>
    <line>
      <![CDATA[✔ Past filter validated
]]>
    </line>
    <line>
      <![CDATA[▶ podcast → Pending Dashboard Count: 0]]>
    </line>
    <line>
      <![CDATA[→ Found: 0]]>
    </line>
    <line>
      <![CDATA[✔ Pending filter validated
]]>
    </line>
    <line>
      <![CDATA[▶ workshop → Total Dashboard Count: 7]]>
    </line>
    <line>
      <![CDATA[→ Found: 7]]>
    </line>
    <line>
      <![CDATA[✔ Total filter validated
]]>
    </line>
    <line>
      <![CDATA[▶ workshop → Live Dashboard Count: 1]]>
    </line>
    <line>
      <![CDATA[→ Found: 1]]>
    </line>
    <line>
      <![CDATA[✔ Live filter validated
]]>
    </line>
    <line>
      <![CDATA[▶ workshop → Upcoming Dashboard Count: 3]]>
    </line>
    <line>
      <![CDATA[→ Found: 3]]>
    </line>
    <line>
      <![CDATA[✔ Upcoming filter validated
]]>
    </line>
    <line>
      <![CDATA[▶ workshop → Past Dashboard Count: 3]]>
    </line>
    <line>
      <![CDATA[→ Found: 3]]>
    </line>
    <line>
      <![CDATA[✔ Past filter validated
]]>
    </line>
    <line>
      <![CDATA[▶ workshop → Pending Dashboard Count: 0]]>
    </line>
    <line>
      <![CDATA[→ Found: 0]]>
    </line>
    <line>
      <![CDATA[✔ Pending filter validated
]]>
    </line>
    <line>
      <![CDATA[▶ conference → Total Dashboard Count: 6]]>
    </line>
    <line>
      <![CDATA[→ Found: 6]]>
    </line>
    <line>
      <![CDATA[✔ Total filter validated
]]>
    </line>
    <line>
      <![CDATA[▶ conference → Live Dashboard Count: 1]]>
    </line>
    <line>
      <![CDATA[→ Found: 1]]>
    </line>
    <line>
      <![CDATA[✔ Live filter validated
]]>
    </line>
    <line>
      <![CDATA[▶ conference → Upcoming Dashboard Count: 2]]>
    </line>
    <line>
      <![CDATA[→ Found: 2]]>
    </line>
    <line>
      <![CDATA[✔ Upcoming filter validated
]]>
    </line>
    <line>
      <![CDATA[▶ conference → Past Dashboard Count: 2]]>
    </line>
    <line>
      <![CDATA[→ Found: 2]]>
    </line>
    <line>
      <![CDATA[✔ Past filter validated
]]>
    </line>
    <line>
      <![CDATA[▶ conference → Pending Dashboard Count: 1]]>
    </line>
    <line>
      <![CDATA[→ Found: 1]]>
    </line>
    <line>
      <![CDATA[✔ Pending filter validated
]]>
    </line>
  </reporter-output>
  <suite started-at="2025-07-09T16:19:49 IST" name="Default suite" finished-at="2025-07-09T16:29:04 IST" duration-ms="555000">
    <groups>
    </groups>
    <test started-at="2025-07-09T16:19:49 IST" name="Default test" finished-at="2025-07-09T16:29:04 IST" duration-ms="555000">
      <class name="adminWorkshopValidation.AllEventFilterValidation">
        <test-method is-config="true" signature="preCondition()[pri:0, instance:adminWorkshopValidation.AllEventFilterValidation@75db5df9]" started-at="2025-07-09T16:19:49 IST" name="preCondition" finished-at="2025-07-09T16:19:55 IST" duration-ms="6322" status="PASS">
          <reporter-output>
            <line>
              <![CDATA[Admin login successful]]>
            </line>
          </reporter-output>
        </test-method> <!-- preCondition -->
        <test-method signature="runWebinarValidation()[pri:1, instance:adminWorkshopValidation.AllEventFilterValidation@75db5df9]" started-at="2025-07-09T16:19:55 IST" name="runWebinarValidation" finished-at="2025-07-09T16:21:18 IST" duration-ms="82908" status="PASS">
          <reporter-output>
            <line>
              <![CDATA[▶ webinar → Total Dashboard Count: 7]]>
            </line>
            <line>
              <![CDATA[→ Found: 7]]>
            </line>
            <line>
              <![CDATA[✔ Total filter validated
]]>
            </line>
            <line>
              <![CDATA[▶ webinar → Live Dashboard Count: 2]]>
            </line>
            <line>
              <![CDATA[→ Found: 2]]>
            </line>
            <line>
              <![CDATA[✔ Live filter validated
]]>
            </line>
            <line>
              <![CDATA[▶ webinar → Upcoming Dashboard Count: 1]]>
            </line>
            <line>
              <![CDATA[→ Found: 1]]>
            </line>
            <line>
              <![CDATA[✔ Upcoming filter validated
]]>
            </line>
            <line>
              <![CDATA[▶ webinar → Past Dashboard Count: 2]]>
            </line>
            <line>
              <![CDATA[→ Found: 2]]>
            </line>
            <line>
              <![CDATA[✔ Past filter validated
]]>
            </line>
            <line>
              <![CDATA[▶ webinar → Pending Dashboard Count: 2]]>
            </line>
            <line>
              <![CDATA[→ Found: 2]]>
            </line>
            <line>
              <![CDATA[✔ Pending filter validated
]]>
            </line>
          </reporter-output>
        </test-method> <!-- runWebinarValidation -->
        <test-method signature="runPanelValidation()[pri:2, instance:adminWorkshopValidation.AllEventFilterValidation@75db5df9]" started-at="2025-07-09T16:21:18 IST" name="runPanelValidation" finished-at="2025-07-09T16:23:41 IST" duration-ms="142442" status="PASS">
          <reporter-output>
            <line>
              <![CDATA[▶ panel → Total Dashboard Count: 7]]>
            </line>
            <line>
              <![CDATA[→ Found: 7]]>
            </line>
            <line>
              <![CDATA[✔ Total filter validated
]]>
            </line>
            <line>
              <![CDATA[▶ panel → Live Dashboard Count: 0]]>
            </line>
            <line>
              <![CDATA[→ Found: 0]]>
            </line>
            <line>
              <![CDATA[✔ Live filter validated
]]>
            </line>
            <line>
              <![CDATA[▶ panel → Upcoming Dashboard Count: 0]]>
            </line>
            <line>
              <![CDATA[→ Found: 0]]>
            </line>
            <line>
              <![CDATA[✔ Upcoming filter validated
]]>
            </line>
            <line>
              <![CDATA[▶ panel → Past Dashboard Count: 0]]>
            </line>
            <line>
              <![CDATA[→ Found: 0]]>
            </line>
            <line>
              <![CDATA[✔ Past filter validated
]]>
            </line>
            <line>
              <![CDATA[▶ panel → Pending Dashboard Count: 7]]>
            </line>
            <line>
              <![CDATA[→ Found: 7]]>
            </line>
            <line>
              <![CDATA[✔ Pending filter validated
]]>
            </line>
          </reporter-output>
        </test-method> <!-- runPanelValidation -->
        <test-method signature="runPodcastValidation()[pri:3, instance:adminWorkshopValidation.AllEventFilterValidation@75db5df9]" started-at="2025-07-09T16:23:41 IST" name="runPodcastValidation" finished-at="2025-07-09T16:25:49 IST" duration-ms="128233" status="PASS">
          <reporter-output>
            <line>
              <![CDATA[▶ podcast → Total Dashboard Count: 1]]>
            </line>
            <line>
              <![CDATA[→ Found: 1]]>
            </line>
            <line>
              <![CDATA[✔ Total filter validated
]]>
            </line>
            <line>
              <![CDATA[▶ podcast → Live Dashboard Count: 0]]>
            </line>
            <line>
              <![CDATA[→ Found: 0]]>
            </line>
            <line>
              <![CDATA[✔ Live filter validated
]]>
            </line>
            <line>
              <![CDATA[▶ podcast → Upcoming Dashboard Count: 1]]>
            </line>
            <line>
              <![CDATA[→ Found: 1]]>
            </line>
            <line>
              <![CDATA[✔ Upcoming filter validated
]]>
            </line>
            <line>
              <![CDATA[▶ podcast → Past Dashboard Count: 0]]>
            </line>
            <line>
              <![CDATA[→ Found: 0]]>
            </line>
            <line>
              <![CDATA[✔ Past filter validated
]]>
            </line>
            <line>
              <![CDATA[▶ podcast → Pending Dashboard Count: 0]]>
            </line>
            <line>
              <![CDATA[→ Found: 0]]>
            </line>
            <line>
              <![CDATA[✔ Pending filter validated
]]>
            </line>
          </reporter-output>
        </test-method> <!-- runPodcastValidation -->
        <test-method signature="runWorkshopValidation()[pri:4, instance:adminWorkshopValidation.AllEventFilterValidation@75db5df9]" started-at="2025-07-09T16:25:49 IST" name="runWorkshopValidation" finished-at="2025-07-09T16:27:41 IST" duration-ms="112183" status="PASS">
          <reporter-output>
            <line>
              <![CDATA[▶ workshop → Total Dashboard Count: 7]]>
            </line>
            <line>
              <![CDATA[→ Found: 7]]>
            </line>
            <line>
              <![CDATA[✔ Total filter validated
]]>
            </line>
            <line>
              <![CDATA[▶ workshop → Live Dashboard Count: 1]]>
            </line>
            <line>
              <![CDATA[→ Found: 1]]>
            </line>
            <line>
              <![CDATA[✔ Live filter validated
]]>
            </line>
            <line>
              <![CDATA[▶ workshop → Upcoming Dashboard Count: 3]]>
            </line>
            <line>
              <![CDATA[→ Found: 3]]>
            </line>
            <line>
              <![CDATA[✔ Upcoming filter validated
]]>
            </line>
            <line>
              <![CDATA[▶ workshop → Past Dashboard Count: 3]]>
            </line>
            <line>
              <![CDATA[→ Found: 3]]>
            </line>
            <line>
              <![CDATA[✔ Past filter validated
]]>
            </line>
            <line>
              <![CDATA[▶ workshop → Pending Dashboard Count: 0]]>
            </line>
            <line>
              <![CDATA[→ Found: 0]]>
            </line>
            <line>
              <![CDATA[✔ Pending filter validated
]]>
            </line>
          </reporter-output>
        </test-method> <!-- runWorkshopValidation -->
        <test-method signature="runConferenceValidation()[pri:5, instance:adminWorkshopValidation.AllEventFilterValidation@75db5df9]" started-at="2025-07-09T16:27:41 IST" name="runConferenceValidation" finished-at="2025-07-09T16:29:04 IST" duration-ms="82598" status="PASS">
          <reporter-output>
            <line>
              <![CDATA[▶ conference → Total Dashboard Count: 6]]>
            </line>
            <line>
              <![CDATA[→ Found: 6]]>
            </line>
            <line>
              <![CDATA[✔ Total filter validated
]]>
            </line>
            <line>
              <![CDATA[▶ conference → Live Dashboard Count: 1]]>
            </line>
            <line>
              <![CDATA[→ Found: 1]]>
            </line>
            <line>
              <![CDATA[✔ Live filter validated
]]>
            </line>
            <line>
              <![CDATA[▶ conference → Upcoming Dashboard Count: 2]]>
            </line>
            <line>
              <![CDATA[→ Found: 2]]>
            </line>
            <line>
              <![CDATA[✔ Upcoming filter validated
]]>
            </line>
            <line>
              <![CDATA[▶ conference → Past Dashboard Count: 2]]>
            </line>
            <line>
              <![CDATA[→ Found: 2]]>
            </line>
            <line>
              <![CDATA[✔ Past filter validated
]]>
            </line>
            <line>
              <![CDATA[▶ conference → Pending Dashboard Count: 1]]>
            </line>
            <line>
              <![CDATA[→ Found: 1]]>
            </line>
            <line>
              <![CDATA[✔ Pending filter validated
]]>
            </line>
          </reporter-output>
        </test-method> <!-- runConferenceValidation -->
        <test-method is-config="true" signature="postCondition()[pri:0, instance:adminWorkshopValidation.AllEventFilterValidation@75db5df9]" started-at="2025-07-09T16:29:04 IST" name="postCondition" finished-at="2025-07-09T16:29:04 IST" duration-ms="238" status="PASS">
          <reporter-output>
          </reporter-output>
        </test-method> <!-- postCondition -->
      </class> <!-- adminWorkshopValidation.AllEventFilterValidation -->
    </test> <!-- Default test -->
  </suite> <!-- Default suite -->
</testng-results>
