<?xml version="1.0" encoding="UTF-8"?>
<testng-results ignored="3" total="5" passed="2" failed="0" skipped="0">
  <reporter-output>
  </reporter-output>
  <suite started-at="2025-06-25T17:50:18 IST" name="Default suite" finished-at="2025-06-25T17:50:42 IST" duration-ms="23408">
    <groups>
    </groups>
    <test started-at="2025-06-25T17:50:18 IST" name="Default test" finished-at="2025-06-25T17:50:42 IST" duration-ms="23408">
      <class name="adminConferenceValidation.ConferenceCreationTest">
        <test-method is-config="true" signature="preCondition()[pri:0, instance:adminConferenceValidation.ConferenceCreationTest@e4487af]" started-at="2025-06-25T17:50:18 IST" name="preCondition" finished-at="2025-06-25T17:50:25 IST" duration-ms="6558" status="PASS">
          <reporter-output>
          </reporter-output>
        </test-method> <!-- preCondition -->
        <test-method signature="navigateToConferencePage()[pri:0, instance:adminConferenceValidation.ConferenceCreationTest@e4487af]" started-at="2025-06-25T17:50:25 IST" name="navigateToConferencePage" finished-at="2025-06-25T17:50:26 IST" duration-ms="1306" status="PASS">
          <reporter-output>
          </reporter-output>
        </test-method> <!-- navigateToConferencePage -->
        <test-method signature="TestWithValidData(java.lang.String,java.lang.String,java.lang.String,java.lang.String,java.lang.String,java.lang.String)[pri:0, instance:adminConferenceValidation.ConferenceCreationTest@e4487af]" started-at="2025-06-25T17:50:26 IST" name="TestWithValidData" data-provider="eventData" finished-at="2025-06-25T17:50:42 IST" depends-on-methods="adminConferenceValidation.ConferenceCreationTest.navigateToConferencePage" duration-ms="15487" status="PASS">
          <params>
            <param index="0">
              <value>
                <![CDATA[AI Automation Testing]]>
              </value>
            </param>
            <param index="1">
              <value>
                <![CDATA[AI workshop]]>
              </value>
            </param>
            <param index="2">
              <value>
                <![CDATA[Pune]]>
              </value>
            </param>
            <param index="3">
              <value>
                <![CDATA[Testing]]>
              </value>
            </param>
            <param index="4">
              <value>
                <![CDATA[metR]]>
              </value>
            </param>
            <param index="5">
              <value>
                <![CDATA[Access of all the sessions]]>
              </value>
            </param>
          </params>
          <reporter-output>
          </reporter-output>
        </test-method> <!-- TestWithValidData -->
      </class> <!-- adminConferenceValidation.ConferenceCreationTest -->
    </test> <!-- Default test -->
  </suite> <!-- Default suite -->
</testng-results>
