<?xml version="1.0" encoding="UTF-8"?>
<testng-results ignored="0" total="1" passed="1" failed="0" skipped="0">
  <reporter-output>
    <line>
      <![CDATA[Admin login successful]]>
    </line>
  </reporter-output>
  <suite started-at="2025-07-03T17:42:15 IST" name="Default suite" finished-at="2025-07-03T17:42:37 IST" duration-ms="22600">
    <groups>
    </groups>
    <test started-at="2025-07-03T17:42:15 IST" name="Default test" finished-at="2025-07-03T17:42:37 IST" duration-ms="22600">
      <class name="adminConferenceValidation.ConferenceCountValidations">
        <test-method is-config="true" signature="preCondition()[pri:0, instance:adminConferenceValidation.ConferenceCountValidations@6aaceffd]" started-at="2025-07-03T17:42:15 IST" name="preCondition" finished-at="2025-07-03T17:42:21 IST" duration-ms="5905" status="PASS">
          <reporter-output>
            <line>
              <![CDATA[Admin login successful]]>
            </line>
          </reporter-output>
        </test-method> <!-- preCondition -->
        <test-method is-config="true" signature="setup()[pri:0, instance:adminConferenceValidation.ConferenceCountValidations@6aaceffd]" started-at="2025-07-03T17:42:21 IST" name="setup" finished-at="2025-07-03T17:42:22 IST" duration-ms="1205" status="PASS">
          <reporter-output>
          </reporter-output>
        </test-method> <!-- setup -->
        <test-method signature="validateConferenceCount()[pri:0, instance:adminConferenceValidation.ConferenceCountValidations@6aaceffd]" started-at="2025-07-03T17:42:22 IST" name="validateConferenceCount" finished-at="2025-07-03T17:42:37 IST" duration-ms="15268" status="PASS">
          <reporter-output>
          </reporter-output>
        </test-method> <!-- validateConferenceCount -->
        <test-method is-config="true" signature="postCondition()[pri:0, instance:adminConferenceValidation.ConferenceCountValidations@6aaceffd]" started-at="2025-07-03T17:42:37 IST" name="postCondition" finished-at="2025-07-03T17:42:37 IST" duration-ms="168" status="PASS">
          <reporter-output>
          </reporter-output>
        </test-method> <!-- postCondition -->
      </class> <!-- adminConferenceValidation.ConferenceCountValidations -->
    </test> <!-- Default test -->
  </suite> <!-- Default suite -->
</testng-results>
