<?xml version="1.0" encoding="UTF-8"?>
<testng-results ignored="28" total="28" passed="0" failed="0" skipped="0">
  <reporter-output>
  </reporter-output>
  <suite started-at="2025-07-30T18:14:14 IST" name="Panel Discussion Test Suite" finished-at="2025-07-30T18:14:14 IST" duration-ms="863">
    <groups>
    </groups>
    <test started-at="2025-07-30T18:14:14 IST" name="AddAndDeletePDTest" finished-at="2025-07-30T18:14:14 IST" duration-ms="308">
    </test> <!-- AddAndDeletePDTest -->
    <test started-at="2025-07-30T18:14:14 IST" name="UpdatePanelDiscussionTest" finished-at="2025-07-30T18:14:14 IST" duration-ms="2">
    </test> <!-- UpdatePanelDiscussionTest -->
    <test started-at="2025-07-30T18:14:14 IST" name="PanelDiscussionDashboardTest" finished-at="2025-07-30T18:14:14 IST" duration-ms="3">
    </test> <!-- PanelDiscussionDashboardTest -->
    <test started-at="2025-07-30T18:14:14 IST" name="PanelDiscussionVideoValidationTest" finished-at="2025-07-30T18:14:14 IST" duration-ms="3">
    </test> <!-- PanelDiscussionVideoValidationTest -->
  </suite> <!-- Panel Discussion Test Suite -->
</testng-results>
