<?xml version="1.0" encoding="UTF-8"?>
<testng-results ignored="0" total="3" passed="3" failed="0" skipped="0">
  <reporter-output>
    <line>
      <![CDATA[Admin login successful]]>
    </line>
    <line>
      <![CDATA[⚠️ Duplicate Kajal Rokade : duplicate email found.]]>
    </line>
    <line>
      <![CDATA[🛑 Form closed after duplicate toast.]]>
    </line>
    <line>
      <![CDATA[✅ Kajal Rokade : moderator updated successfully]]>
    </line>
    <line>
      <![CDATA[✅ Kajal Rokade : moderator deleted successfully.]]>
    </line>
    <line>
      <![CDATA[Admin logout successful]]>
    </line>
  </reporter-output>
  <suite started-at="2025-07-16T17:40:39 IST" name="Default suite" finished-at="2025-07-16T17:41:30 IST" duration-ms="51084">
    <groups>
    </groups>
    <test started-at="2025-07-16T17:40:39 IST" name="Default test" finished-at="2025-07-16T17:41:30 IST" duration-ms="51084">
      <class name="adminModeratorValidation.ModeratorValidation">
        <test-method is-config="true" signature="preCondition()[pri:0, instance:adminModeratorValidation.ModeratorValidation@6aaceffd]" started-at="2025-07-16T17:40:39 IST" name="preCondition" finished-at="2025-07-16T17:40:45 IST" duration-ms="5984" status="PASS">
          <reporter-output>
            <line>
              <![CDATA[Admin login successful]]>
            </line>
          </reporter-output>
        </test-method> <!-- preCondition -->
        <test-method is-config="true" signature="setup()[pri:0, instance:adminModeratorValidation.ModeratorValidation@6aaceffd]" started-at="2025-07-16T17:40:45 IST" name="setup" finished-at="2025-07-16T17:40:46 IST" duration-ms="592" status="PASS">
          <reporter-output>
          </reporter-output>
        </test-method> <!-- setup -->
        <test-method signature="validateAddModeratorFunctionality([Ljava.lang.String;)[pri:1, instance:adminModeratorValidation.ModeratorValidation@6aaceffd]" started-at="2025-07-16T17:40:46 IST" name="validateAddModeratorFunctionality" data-provider="dynamicData" finished-at="2025-07-16T17:41:04 IST" duration-ms="18074" status="PASS">
          <params>
            <param index="0">
              <value>
                <![CDATA[[Ljava.lang.String;@723877dd]]>
              </value>
            </param>
          </params>
          <reporter-output>
            <line>
              <![CDATA[⚠️ Duplicate Kajal Rokade : duplicate email found.]]>
            </line>
            <line>
              <![CDATA[🛑 Form closed after duplicate toast.]]>
            </line>
          </reporter-output>
        </test-method> <!-- validateAddModeratorFunctionality -->
        <test-method signature="validateUpdateModeratorFunctionality([Ljava.lang.String;)[pri:2, instance:adminModeratorValidation.ModeratorValidation@6aaceffd]" started-at="2025-07-16T17:41:04 IST" name="validateUpdateModeratorFunctionality" data-provider="dynamicData" finished-at="2025-07-16T17:41:23 IST" duration-ms="19162" status="PASS">
          <params>
            <param index="0">
              <value>
                <![CDATA[[Ljava.lang.String;@17b016ac]]>
              </value>
            </param>
          </params>
          <reporter-output>
            <line>
              <![CDATA[✅ Kajal Rokade : moderator updated successfully]]>
            </line>
          </reporter-output>
        </test-method> <!-- validateUpdateModeratorFunctionality -->
        <test-method signature="validateDeleteModeratorFunctionality([Ljava.lang.String;)[pri:3, instance:adminModeratorValidation.ModeratorValidation@6aaceffd]" started-at="2025-07-16T17:41:23 IST" name="validateDeleteModeratorFunctionality" data-provider="dynamicData" finished-at="2025-07-16T17:41:30 IST" duration-ms="6698" status="PASS">
          <params>
            <param index="0">
              <value>
                <![CDATA[[Ljava.lang.String;@733ec58b]]>
              </value>
            </param>
          </params>
          <reporter-output>
            <line>
              <![CDATA[✅ Kajal Rokade : moderator deleted successfully.]]>
            </line>
          </reporter-output>
        </test-method> <!-- validateDeleteModeratorFunctionality -->
        <test-method is-config="true" signature="postCondition()[pri:0, instance:adminModeratorValidation.ModeratorValidation@6aaceffd]" started-at="2025-07-16T17:41:30 IST" name="postCondition" finished-at="2025-07-16T17:41:30 IST" duration-ms="496" status="PASS">
          <reporter-output>
            <line>
              <![CDATA[Admin logout successful]]>
            </line>
          </reporter-output>
        </test-method> <!-- postCondition -->
      </class> <!-- adminModeratorValidation.ModeratorValidation -->
    </test> <!-- Default test -->
  </suite> <!-- Default suite -->
</testng-results>
