<?xml version="1.0" encoding="UTF-8"?>
<testng-results ignored="0" total="1" passed="1" failed="0" skipped="0">
  <reporter-output>
  </reporter-output>
  <suite started-at="2025-06-23T12:23:35 IST" name="Default suite" finished-at="2025-06-23T12:24:15 IST" duration-ms="40571">
    <groups>
    </groups>
    <test started-at="2025-06-23T12:23:35 IST" name="Default test" finished-at="2025-06-23T12:24:15 IST" duration-ms="40571">
      <class name="adminConferenceValidation.AddNewFunctionalityValidation">
        <test-method is-config="true" signature="preCondition()[pri:0, instance:adminConferenceValidation.AddNewFunctionalityValidation@26b3fd41]" started-at="2025-06-23T12:23:35 IST" name="preCondition" finished-at="2025-06-23T12:23:41 IST" duration-ms="6278" status="PASS">
          <reporter-output>
          </reporter-output>
        </test-method> <!-- preCondition -->
        <test-method signature="addNewFunctionalityTest(java.lang.String,java.lang.String,java.lang.String,java.lang.String,java.lang.String,java.lang.String)[pri:0, instance:adminConferenceValidation.AddNewFunctionalityValidation@26b3fd41]" started-at="2025-06-23T12:23:41 IST" name="addNewFunctionalityTest" data-provider="eventData" finished-at="2025-06-23T12:24:15 IST" duration-ms="34241" status="PASS">
          <params>
            <param index="0">
              <value>
                <![CDATA[AI Automation Testing]]>
              </value>
            </param>
            <param index="1">
              <value>
                <![CDATA[AI workshop]]>
              </value>
            </param>
            <param index="2">
              <value>
                <![CDATA[Pune]]>
              </value>
            </param>
            <param index="3">
              <value>
                <![CDATA[Testing]]>
              </value>
            </param>
            <param index="4">
              <value>
                <![CDATA[metR]]>
              </value>
            </param>
            <param index="5">
              <value>
                <![CDATA[Access of all the sessions]]>
              </value>
            </param>
          </params>
          <reporter-output>
          </reporter-output>
        </test-method> <!-- addNewFunctionalityTest -->
      </class> <!-- adminConferenceValidation.AddNewFunctionalityValidation -->
    </test> <!-- Default test -->
  </suite> <!-- Default suite -->
</testng-results>
