<?xml version="1.0" encoding="UTF-8"?>
<testng-results ignored="0" total="4" passed="4" failed="0" skipped="0">
  <reporter-output>
    <line>
      <![CDATA[🚀 Test Execution Started at: 2025.04.24.17.25.31]]>
    </line>
    <line>
      <![CDATA[🟢 Executing Test: validateDetailsModule]]>
    </line>
    <line>
      <![CDATA[✅ Test Passed: validateDetailsModule]]>
    </line>
    <line>
      <![CDATA[🟢 Executing Test: validateExistingSpeakers]]>
    </line>
    <line>
      <![CDATA[Existing speaker is added successfully]]>
    </line>
    <line>
      <![CDATA[✅ Test Passed: validateExistingSpeakers]]>
    </line>
    <line>
      <![CDATA[🟢 Executing Test: validateNewSpeaker]]>
    </line>
    <line>
      <![CDATA[✅ Test Passed: validateNewSpeaker]]>
    </line>
    <line>
      <![CDATA[🟢 Executing Test: validateSessions]]>
    </line>
    <line>
      <![CDATA[Session created successfully]]>
    </line>
    <line>
      <![CDATA[Session Deleted successfully]]>
    </line>
    <line>
      <![CDATA[✅ Test Passed: validateSessions]]>
    </line>
  </reporter-output>
  <suite started-at="2025-04-24T17:25:31 IST" name="Default suite" finished-at="2025-04-24T17:26:41 IST" duration-ms="69732">
    <groups>
    </groups>
    <test started-at="2025-04-24T17:25:31 IST" name="Default test" finished-at="2025-04-24T17:26:41 IST" duration-ms="69732">
      <class name="WorkshopValidation.DetailsValidation">
        <test-method is-config="true" signature="preCondition()[pri:0, instance:WorkshopValidation.DetailsValidation@692f203f]" started-at="2025-04-24T17:25:31 IST" name="preCondition" finished-at="2025-04-24T17:25:36 IST" duration-ms="5012" status="PASS">
          <reporter-output>
          </reporter-output>
        </test-method> <!-- preCondition -->
        <test-method signature="validateDetailsModule()[pri:0, instance:WorkshopValidation.DetailsValidation@692f203f]" started-at="2025-04-24T17:25:36 IST" name="validateDetailsModule" finished-at="2025-04-24T17:25:44 IST" duration-ms="7426" status="PASS">
          <reporter-output>
            <line>
              <![CDATA[🟢 Executing Test: validateDetailsModule]]>
            </line>
            <line>
              <![CDATA[✅ Test Passed: validateDetailsModule]]>
            </line>
          </reporter-output>
        </test-method> <!-- validateDetailsModule -->
        <test-method is-config="true" signature="preCondition()[pri:0, instance:WorkshopValidation.DetailsValidation@692f203f]" started-at="2025-04-24T17:25:44 IST" name="preCondition" finished-at="2025-04-24T17:25:50 IST" duration-ms="6469" status="PASS">
          <reporter-output>
          </reporter-output>
        </test-method> <!-- preCondition -->
        <test-method signature="validateExistingSpeakers()[pri:0, instance:WorkshopValidation.DetailsValidation@692f203f]" started-at="2025-04-24T17:25:50 IST" name="validateExistingSpeakers" finished-at="2025-04-24T17:26:01 IST" duration-ms="10986" status="PASS">
          <reporter-output>
            <line>
              <![CDATA[🟢 Executing Test: validateExistingSpeakers]]>
            </line>
            <line>
              <![CDATA[Existing speaker is added successfully]]>
            </line>
            <line>
              <![CDATA[✅ Test Passed: validateExistingSpeakers]]>
            </line>
          </reporter-output>
        </test-method> <!-- validateExistingSpeakers -->
        <test-method is-config="true" signature="preCondition()[pri:0, instance:WorkshopValidation.DetailsValidation@692f203f]" started-at="2025-04-24T17:26:01 IST" name="preCondition" finished-at="2025-04-24T17:26:05 IST" duration-ms="4336" status="PASS">
          <reporter-output>
          </reporter-output>
        </test-method> <!-- preCondition -->
        <test-method signature="validateNewSpeaker()[pri:0, instance:WorkshopValidation.DetailsValidation@692f203f]" started-at="2025-04-24T17:26:05 IST" name="validateNewSpeaker" finished-at="2025-04-24T17:26:22 IST" duration-ms="16426" status="PASS">
          <reporter-output>
            <line>
              <![CDATA[🟢 Executing Test: validateNewSpeaker]]>
            </line>
            <line>
              <![CDATA[✅ Test Passed: validateNewSpeaker]]>
            </line>
          </reporter-output>
        </test-method> <!-- validateNewSpeaker -->
        <test-method is-config="true" signature="preCondition()[pri:0, instance:WorkshopValidation.DetailsValidation@692f203f]" started-at="2025-04-24T17:26:22 IST" name="preCondition" finished-at="2025-04-24T17:26:26 IST" duration-ms="4154" status="PASS">
          <reporter-output>
          </reporter-output>
        </test-method> <!-- preCondition -->
        <test-method signature="validateSessions()[pri:0, instance:WorkshopValidation.DetailsValidation@692f203f]" started-at="2025-04-24T17:26:26 IST" name="validateSessions" finished-at="2025-04-24T17:26:41 IST" duration-ms="14681" status="PASS">
          <reporter-output>
            <line>
              <![CDATA[🟢 Executing Test: validateSessions]]>
            </line>
            <line>
              <![CDATA[Session created successfully]]>
            </line>
            <line>
              <![CDATA[Session Deleted successfully]]>
            </line>
            <line>
              <![CDATA[✅ Test Passed: validateSessions]]>
            </line>
          </reporter-output>
        </test-method> <!-- validateSessions -->
      </class> <!-- WorkshopValidation.DetailsValidation -->
    </test> <!-- Default test -->
  </suite> <!-- Default suite -->
</testng-results>
