<?xml version="1.0" encoding="UTF-8"?>
<testng-results ignored="0" total="2" passed="0" failed="2" skipped="0">
  <reporter-output>
    <line>
      <![CDATA[Admin login successful]]>
    </line>
    <line>
      <![CDATA[Verification failed: Generative AI Bootcamp Workshop created successfully]]>
    </line>
  </reporter-output>
  <suite started-at="2025-07-07T16:19:33 IST" name="Default suite" finished-at="2025-07-07T16:27:02 IST" duration-ms="449060">
    <groups>
    </groups>
    <test started-at="2025-07-07T16:19:33 IST" name="Default test" finished-at="2025-07-07T16:27:02 IST" duration-ms="449060">
      <class name="adminWorkshopValidation.addWorkshop">
        <test-method is-config="true" signature="preCondition()[pri:0, instance:adminWorkshopValidation.addWorkshop@49e5f737]" started-at="2025-07-07T16:19:33 IST" name="preCondition" finished-at="2025-07-07T16:19:39 IST" duration-ms="6040" status="PASS">
          <reporter-output>
            <line>
              <![CDATA[Admin login successful]]>
            </line>
          </reporter-output>
        </test-method> <!-- preCondition -->
        <test-method signature="validateAddNewWorkshop(java.lang.String,java.lang.String,java.lang.String,java.lang.String,java.lang.String,java.lang.String,java.lang.String,java.lang.String,java.lang.String,java.lang.String,java.lang.String,java.lang.String)[pri:0, instance:adminWorkshopValidation.addWorkshop@49e5f737]" started-at="2025-07-07T16:19:39 IST" name="validateAddNewWorkshop" data-provider="workshopData" finished-at="2025-07-07T16:19:53 IST" duration-ms="13924" status="FAIL">
          <params>
            <param index="0">
              <value>
                <![CDATA[Internal]]>
              </value>
            </param>
            <param index="1">
              <value>
                <![CDATA[AI Automation Workshop]]>
              </value>
            </param>
            <param index="2">
              <value>
                <![CDATA[In-Person]]>
              </value>
            </param>
            <param index="3">
              <value>
                <![CDATA[Private]]>
              </value>
            </param>
            <param index="4">
              <value>
                <![CDATA[metR]]>
              </value>
            </param>
            <param index="5">
              <value>
                <![CDATA[AI workshop]]>
              </value>
            </param>
            <param index="6">
              <value>
                <![CDATA[AI]]>
              </value>
            </param>
            <param index="7">
              <value>
                <![CDATA[Pune]]>
              </value>
            </param>
            <param index="8">
              <value>
                <![CDATA[Access to all sessions]]>
              </value>
            </param>
            <param index="9">
              <value>
                <![CDATA[1500]]>
              </value>
            </param>
            <param index="10">
              <value>
                <![CDATA[https://zoom.us/my/aiworkshop]]>
              </value>
            </param>
            <param index="11">
              <value>
                <![CDATA[C:\Eclipse Project\Tech-Connect-Admin-Panel-Automation\TC_AdminPanelAutomation\src\test\resources\workshopImage.jpg]]>
              </value>
            </param>
          </params>
          <exception class="org.openqa.selenium.ElementClickInterceptedException">
            <message>
              <![CDATA[element click intercepted: Element is not clickable at point (392, 635)
  (Session info: chrome=138.0.7204.97)
Build info: version: '4.20.0', revision: '866c76ca80'
System info: os.name: 'Windows 11', os.arch: 'amd64', os.version: '10.0', java.version: '21.0.7'
Driver info: org.openqa.selenium.chrome.ChromeDriver
Command: [1f209d2ad56f30da8180fd49f3cfb2e0, clickElement {id=f.BE19930C9D19CBA0A8E944774A082C81.d.CBBBDB50749016CD752F710529ECC7A1.e.813}]
Capabilities {acceptInsecureCerts: false, browserName: chrome, browserVersion: 138.0.7204.97, chrome: {chromedriverVersion: 138.0.7204.92 (f079b9bc781e..., userDataDir: C:\Users\Admin\AppData\Loca...}, fedcm:accounts: true, goog:chromeOptions: {debuggerAddress: localhost:59783}, networkConnectionEnabled: false, pageLoadStrategy: normal, platformName: windows, proxy: Proxy(), se:cdp: ws://localhost:59783/devtoo..., se:cdpVersion: 138.0.7204.97, setWindowRect: true, strictFileInteractability: false, timeouts: {implicit: 0, pageLoad: 300000, script: 30000}, unhandledPromptBehavior: dismiss and notify, webauthn:extension:credBlob: true, webauthn:extension:largeBlob: true, webauthn:extension:minPinLength: true, webauthn:extension:prf: true, webauthn:virtualAuthenticators: true}
Element: [[ChromeDriver: chrome on windows (1f209d2ad56f30da8180fd49f3cfb2e0)] -> xpath: //td[@class='rdtDay']]
Session ID: 1f209d2ad56f30da8180fd49f3cfb2e0]]>
            </message>
            <full-stacktrace>
              <![CDATA[org.openqa.selenium.ElementClickInterceptedException: element click intercepted: Element is not clickable at point (392, 635)
  (Session info: chrome=138.0.7204.97)
Build info: version: '4.20.0', revision: '866c76ca80'
System info: os.name: 'Windows 11', os.arch: 'amd64', os.version: '10.0', java.version: '21.0.7'
Driver info: org.openqa.selenium.chrome.ChromeDriver
Command: [1f209d2ad56f30da8180fd49f3cfb2e0, clickElement {id=f.BE19930C9D19CBA0A8E944774A082C81.d.CBBBDB50749016CD752F710529ECC7A1.e.813}]
Capabilities {acceptInsecureCerts: false, browserName: chrome, browserVersion: 138.0.7204.97, chrome: {chromedriverVersion: 138.0.7204.92 (f079b9bc781e..., userDataDir: C:\Users\Admin\AppData\Loca...}, fedcm:accounts: true, goog:chromeOptions: {debuggerAddress: localhost:59783}, networkConnectionEnabled: false, pageLoadStrategy: normal, platformName: windows, proxy: Proxy(), se:cdp: ws://localhost:59783/devtoo..., se:cdpVersion: 138.0.7204.97, setWindowRect: true, strictFileInteractability: false, timeouts: {implicit: 0, pageLoad: 300000, script: 30000}, unhandledPromptBehavior: dismiss and notify, webauthn:extension:credBlob: true, webauthn:extension:largeBlob: true, webauthn:extension:minPinLength: true, webauthn:extension:prf: true, webauthn:virtualAuthenticators: true}
Element: [[ChromeDriver: chrome on windows (1f209d2ad56f30da8180fd49f3cfb2e0)] -> xpath: //td[@class='rdtDay']]
Session ID: 1f209d2ad56f30da8180fd49f3cfb2e0
at java.base/jdk.internal.reflect.DirectConstructorHandleAccessor.newInstance(DirectConstructorHandleAccessor.java:62)
at java.base/java.lang.reflect.Constructor.newInstanceWithCaller(Constructor.java:502)
at java.base/java.lang.reflect.Constructor.newInstance(Constructor.java:486)
at org.openqa.selenium.remote.ErrorCodec.decode(ErrorCodec.java:167)
at org.openqa.selenium.remote.codec.w3c.W3CHttpResponseCodec.decode(W3CHttpResponseCodec.java:138)
at org.openqa.selenium.remote.codec.w3c.W3CHttpResponseCodec.decode(W3CHttpResponseCodec.java:50)
at org.openqa.selenium.remote.HttpCommandExecutor.execute(HttpCommandExecutor.java:190)
at org.openqa.selenium.remote.service.DriverCommandExecutor.invokeExecute(DriverCommandExecutor.java:216)
at org.openqa.selenium.remote.service.DriverCommandExecutor.execute(DriverCommandExecutor.java:174)
at org.openqa.selenium.remote.RemoteWebDriver.execute(RemoteWebDriver.java:518)
at org.openqa.selenium.remote.RemoteWebElement.execute(RemoteWebElement.java:223)
at org.openqa.selenium.remote.RemoteWebElement.click(RemoteWebElement.java:76)
at com.TechConnect.JavaUtility.DateClass.selectDatePro(DateClass.java:135)
at adminWorkshopValidation.addWorkshop.validateAddNewWorkshop(addWorkshop.java:66)
at java.base/jdk.internal.reflect.DirectMethodHandleAccessor.invoke(DirectMethodHandleAccessor.java:103)
at java.base/java.lang.reflect.Method.invoke(Method.java:580)
at org.testng.internal.invokers.MethodInvocationHelper.invokeMethod(MethodInvocationHelper.java:141)
at org.testng.internal.invokers.TestInvoker.invokeMethod(TestInvoker.java:687)
at org.testng.internal.invokers.TestInvoker.invokeTestMethod(TestInvoker.java:230)
at org.testng.internal.invokers.MethodRunner.runInSequence(MethodRunner.java:63)
at org.testng.internal.invokers.TestInvoker$MethodInvocationAgent.invoke(TestInvoker.java:995)
at org.testng.internal.invokers.TestInvoker.invokeTestMethods(TestInvoker.java:203)
at org.testng.internal.invokers.TestMethodWorker.invokeTestMethods(TestMethodWorker.java:154)
at org.testng.internal.invokers.TestMethodWorker.run(TestMethodWorker.java:134)
at java.base/java.util.ArrayList.forEach(ArrayList.java:1596)
at org.testng.TestRunner.privateRun(TestRunner.java:741)
at org.testng.TestRunner.run(TestRunner.java:616)
at org.testng.SuiteRunner.runTest(SuiteRunner.java:421)
at org.testng.SuiteRunner.runSequentially(SuiteRunner.java:413)
at org.testng.SuiteRunner.privateRun(SuiteRunner.java:373)
at org.testng.SuiteRunner.run(SuiteRunner.java:312)
at org.testng.SuiteRunnerWorker.runSuite(SuiteRunnerWorker.java:52)
at org.testng.SuiteRunnerWorker.run(SuiteRunnerWorker.java:95)
at org.testng.TestNG.runSuitesSequentially(TestNG.java:1274)
at org.testng.TestNG.runSuitesLocally(TestNG.java:1208)
at org.testng.TestNG.runSuites(TestNG.java:1112)
at org.testng.TestNG.run(TestNG.java:1079)
at org.testng.remote.AbstractRemoteTestNG.run(AbstractRemoteTestNG.java:115)
at org.testng.remote.RemoteTestNG.initAndRun(RemoteTestNG.java:293)
at org.testng.remote.RemoteTestNG.main(RemoteTestNG.java:91)
]]>
            </full-stacktrace>
          </exception> <!-- org.openqa.selenium.ElementClickInterceptedException -->
          <reporter-output>
          </reporter-output>
        </test-method> <!-- validateAddNewWorkshop -->
        <test-method signature="validateAddNewWorkshop(java.lang.String,java.lang.String,java.lang.String,java.lang.String,java.lang.String,java.lang.String,java.lang.String,java.lang.String,java.lang.String,java.lang.String,java.lang.String,java.lang.String)[pri:0, instance:adminWorkshopValidation.addWorkshop@49e5f737]" started-at="2025-07-07T16:19:53 IST" name="validateAddNewWorkshop" data-provider="workshopData" finished-at="2025-07-07T16:26:31 IST" duration-ms="397975" status="FAIL">
          <params>
            <param index="0">
              <value>
                <![CDATA[Internal]]>
              </value>
            </param>
            <param index="1">
              <value>
                <![CDATA[Generative AI Bootcamp]]>
              </value>
            </param>
            <param index="2">
              <value>
                <![CDATA[In-Person]]>
              </value>
            </param>
            <param index="3">
              <value>
                <![CDATA[Public]]>
              </value>
            </param>
            <param index="4">
              <value>
                <![CDATA[metR]]>
              </value>
            </param>
            <param index="5">
              <value>
                <![CDATA[Hands-on on GenAI]]>
              </value>
            </param>
            <param index="6">
              <value>
                <![CDATA[AI]]>
              </value>
            </param>
            <param index="7">
              <value>
                <![CDATA[Bangalore]]>
              </value>
            </param>
            <param index="8">
              <value>
                <![CDATA[Certificate included]]>
              </value>
            </param>
            <param index="9">
              <value>
                <![CDATA[2000]]>
              </value>
            </param>
            <param index="10">
              <value>
                <![CDATA[https://zoom.us/my/genai]]>
              </value>
            </param>
            <param index="11">
              <value>
                <![CDATA[C:\Eclipse Project\Tech-Connect-Admin-Panel-Automation\TC_AdminPanelAutomation\src\test\resources\workshopImage.jpg]]>
              </value>
            </param>
          </params>
          <exception class="org.openqa.selenium.TimeoutException">
            <message>
              <![CDATA[java.util.concurrent.TimeoutException
Build info: version: '4.20.0', revision: '866c76ca80'
System info: os.name: 'Windows 11', os.arch: 'amd64', os.version: '10.0', java.version: '21.0.7'
Driver info: org.openqa.selenium.chrome.ChromeDriver
Command: [1f209d2ad56f30da8180fd49f3cfb2e0, findElement {value=//div[contains(text(),'new workshop created successfully.')], using=xpath}]
Capabilities {acceptInsecureCerts: false, browserName: chrome, browserVersion: 138.0.7204.97, chrome: {chromedriverVersion: 138.0.7204.92 (f079b9bc781e..., userDataDir: C:\Users\Admin\AppData\Loca...}, fedcm:accounts: true, goog:chromeOptions: {debuggerAddress: localhost:59783}, networkConnectionEnabled: false, pageLoadStrategy: normal, platformName: windows, proxy: Proxy(), se:cdp: ws://localhost:59783/devtoo..., se:cdpVersion: 138.0.7204.97, setWindowRect: true, strictFileInteractability: false, timeouts: {implicit: 0, pageLoad: 300000, script: 30000}, unhandledPromptBehavior: dismiss and notify, webauthn:extension:credBlob: true, webauthn:extension:largeBlob: true, webauthn:extension:minPinLength: true, webauthn:extension:prf: true, webauthn:virtualAuthenticators: true}
Session ID: 1f209d2ad56f30da8180fd49f3cfb2e0]]>
            </message>
            <full-stacktrace>
              <![CDATA[org.openqa.selenium.TimeoutException: java.util.concurrent.TimeoutException
Build info: version: '4.20.0', revision: '866c76ca80'
System info: os.name: 'Windows 11', os.arch: 'amd64', os.version: '10.0', java.version: '21.0.7'
Driver info: org.openqa.selenium.chrome.ChromeDriver
Command: [1f209d2ad56f30da8180fd49f3cfb2e0, findElement {value=//div[contains(text(),'new workshop created successfully.')], using=xpath}]
Capabilities {acceptInsecureCerts: false, browserName: chrome, browserVersion: 138.0.7204.97, chrome: {chromedriverVersion: 138.0.7204.92 (f079b9bc781e..., userDataDir: C:\Users\Admin\AppData\Loca...}, fedcm:accounts: true, goog:chromeOptions: {debuggerAddress: localhost:59783}, networkConnectionEnabled: false, pageLoadStrategy: normal, platformName: windows, proxy: Proxy(), se:cdp: ws://localhost:59783/devtoo..., se:cdpVersion: 138.0.7204.97, setWindowRect: true, strictFileInteractability: false, timeouts: {implicit: 0, pageLoad: 300000, script: 30000}, unhandledPromptBehavior: dismiss and notify, webauthn:extension:credBlob: true, webauthn:extension:largeBlob: true, webauthn:extension:minPinLength: true, webauthn:extension:prf: true, webauthn:virtualAuthenticators: true}
Session ID: 1f209d2ad56f30da8180fd49f3cfb2e0
at org.openqa.selenium.remote.http.jdk.JdkHttpClient.execute0(JdkHttpClient.java:396)
at org.openqa.selenium.remote.http.AddSeleniumUserAgent.lambda$apply$0(AddSeleniumUserAgent.java:42)
at org.openqa.selenium.remote.http.Filter.lambda$andFinally$1(Filter.java:55)
at org.openqa.selenium.remote.http.jdk.JdkHttpClient.execute(JdkHttpClient.java:352)
at org.openqa.selenium.remote.HttpCommandExecutor.execute(HttpCommandExecutor.java:187)
at org.openqa.selenium.remote.service.DriverCommandExecutor.invokeExecute(DriverCommandExecutor.java:216)
at org.openqa.selenium.remote.service.DriverCommandExecutor.execute(DriverCommandExecutor.java:174)
at org.openqa.selenium.remote.RemoteWebDriver.execute(RemoteWebDriver.java:518)
at org.openqa.selenium.remote.ElementLocation$ElementFinder$2.findElement(ElementLocation.java:165)
at org.openqa.selenium.remote.ElementLocation.findElement(ElementLocation.java:59)
at org.openqa.selenium.remote.RemoteWebDriver.findElement(RemoteWebDriver.java:355)
at org.openqa.selenium.remote.RemoteWebDriver.findElement(RemoteWebDriver.java:349)
at org.openqa.selenium.support.pagefactory.DefaultElementLocator.findElement(DefaultElementLocator.java:68)
at org.openqa.selenium.support.pagefactory.internal.LocatingElementHandler.invoke(LocatingElementHandler.java:38)
at jdk.proxy2/jdk.proxy2.$Proxy14.isDisplayed(Unknown Source)
at com.tech_Connect.Action.ActionClass.verifySuccessMsg(ActionClass.java:281)
at adminWorkshopValidation.addWorkshop.validateAddNewWorkshop(addWorkshop.java:81)
at java.base/jdk.internal.reflect.DirectMethodHandleAccessor.invoke(DirectMethodHandleAccessor.java:103)
at java.base/java.lang.reflect.Method.invoke(Method.java:580)
at org.testng.internal.invokers.MethodInvocationHelper.invokeMethod(MethodInvocationHelper.java:141)
at org.testng.internal.invokers.TestInvoker.invokeMethod(TestInvoker.java:687)
at org.testng.internal.invokers.TestInvoker.invokeTestMethod(TestInvoker.java:230)
at org.testng.internal.invokers.MethodRunner.runInSequence(MethodRunner.java:63)
at org.testng.internal.invokers.TestInvoker$MethodInvocationAgent.invoke(TestInvoker.java:995)
at org.testng.internal.invokers.TestInvoker.invokeTestMethods(TestInvoker.java:203)
at org.testng.internal.invokers.TestMethodWorker.invokeTestMethods(TestMethodWorker.java:154)
at org.testng.internal.invokers.TestMethodWorker.run(TestMethodWorker.java:134)
at java.base/java.util.ArrayList.forEach(ArrayList.java:1596)
at org.testng.TestRunner.privateRun(TestRunner.java:741)
at org.testng.TestRunner.run(TestRunner.java:616)
at org.testng.SuiteRunner.runTest(SuiteRunner.java:421)
at org.testng.SuiteRunner.runSequentially(SuiteRunner.java:413)
at org.testng.SuiteRunner.privateRun(SuiteRunner.java:373)
at org.testng.SuiteRunner.run(SuiteRunner.java:312)
at org.testng.SuiteRunnerWorker.runSuite(SuiteRunnerWorker.java:52)
at org.testng.SuiteRunnerWorker.run(SuiteRunnerWorker.java:95)
at org.testng.TestNG.runSuitesSequentially(TestNG.java:1274)
at org.testng.TestNG.runSuitesLocally(TestNG.java:1208)
at org.testng.TestNG.runSuites(TestNG.java:1112)
at org.testng.TestNG.run(TestNG.java:1079)
at org.testng.remote.AbstractRemoteTestNG.run(AbstractRemoteTestNG.java:115)
at org.testng.remote.RemoteTestNG.initAndRun(RemoteTestNG.java:293)
at org.testng.remote.RemoteTestNG.main(RemoteTestNG.java:91)
Caused by: java.util.concurrent.TimeoutException
at java.base/java.util.concurrent.CompletableFuture.timedGet(CompletableFuture.java:1960)
at java.base/java.util.concurrent.CompletableFuture.get(CompletableFuture.java:2095)
at org.openqa.selenium.remote.http.jdk.JdkHttpClient.execute0(JdkHttpClient.java:379)
... 42 more
]]>
            </full-stacktrace>
          </exception> <!-- org.openqa.selenium.TimeoutException -->
          <reporter-output>
            <line>
              <![CDATA[Verification failed: Generative AI Bootcamp Workshop created successfully]]>
            </line>
          </reporter-output>
        </test-method> <!-- validateAddNewWorkshop -->
        <test-method is-config="true" signature="postCondition()[pri:0, instance:adminWorkshopValidation.addWorkshop@49e5f737]" started-at="2025-07-07T16:26:31 IST" name="postCondition" finished-at="2025-07-07T16:27:02 IST" duration-ms="31054" status="PASS">
          <reporter-output>
          </reporter-output>
        </test-method> <!-- postCondition -->
      </class> <!-- adminWorkshopValidation.addWorkshop -->
    </test> <!-- Default test -->
  </suite> <!-- Default suite -->
</testng-results>
