<?xml version="1.0" encoding="UTF-8"?>
<testng-results ignored="1" total="2" passed="1" failed="0" skipped="0">
  <reporter-output>
  </reporter-output>
  <suite started-at="2025-06-09T17:31:03 IST" name="Default suite" finished-at="2025-06-09T17:31:12 IST" duration-ms="9380">
    <groups>
    </groups>
    <test started-at="2025-06-09T17:31:03 IST" name="Default test" finished-at="2025-06-09T17:31:12 IST" duration-ms="9380">
      <class name="UserAppLoginValidation.VerifyLoginFunctionality">
        <test-method is-config="true" signature="preCondition()[pri:0, instance:UserAppLoginValidation.VerifyLoginFunctionality@2e377400]" started-at="2025-06-09T17:31:03 IST" name="preCondition" finished-at="2025-06-09T17:31:10 IST" duration-ms="7019" status="PASS">
          <reporter-output>
          </reporter-output>
        </test-method> <!-- preCondition -->
        <test-method signature="verifyLogin()[pri:0, instance:UserAppLoginValidation.VerifyLoginFunctionality@2e377400]" started-at="2025-06-09T17:31:10 IST" name="verifyLogin" finished-at="2025-06-09T17:31:12 IST" duration-ms="2053" status="PASS">
          <reporter-output>
          </reporter-output>
        </test-method> <!-- verifyLogin -->
        <test-method is-config="true" signature="postCondition()[pri:0, instance:UserAppLoginValidation.VerifyLoginFunctionality@2e377400]" started-at="2025-06-09T17:31:12 IST" name="postCondition" finished-at="2025-06-09T17:31:12 IST" duration-ms="257" status="PASS">
          <reporter-output>
          </reporter-output>
        </test-method> <!-- postCondition -->
      </class> <!-- UserAppLoginValidation.VerifyLoginFunctionality -->
    </test> <!-- Default test -->
  </suite> <!-- Default suite -->
</testng-results>
