<?xml version="1.0" encoding="UTF-8"?>
<!-- Generated by org.testng.reporters.JUnitReportReporter -->
<testsuite hostname="DESKTOP-AV62DVG" failures="0" tests="20" name="adminWebinarValidationScript.UpdateWebinar" time="6.538" errors="1" timestamp="2025-07-30T18:01:52 IST" skipped="19">
  <testcase classname="adminWebinarValidationScript.UpdateWebinar" name="preCondition" time="6.537">
    <error message="no such element: element not found
  (Session info: chrome=138.0.7204.169)
For documentation on this error, please visit: https://www.selenium.dev/documentation/webdriver/troubleshooting/errors#no-such-element-exception
Build info: version: &#039;4.20.0&#039;, revision: &#039;866c76ca80&#039;
System info: os.name: &#039;Windows 11&#039;, os.arch: &#039;amd64&#039;, os.version: &#039;10.0&#039;, java.version: &#039;21.0.7&#039;
Driver info: org.openqa.selenium.chrome.ChromeDriver
Command: [b09135ca67906acf81bca66fe022c60f, executeScript {args=[{element-6066-11e4-a52e-4f735466cecf=f.AFE0FAF83D8BF73512AD766B35099727.d.6E6E87D86B963475B62438DDCB9FFF22.e.83}], script=arguments[0].click();}]
Capabilities {acceptInsecureCerts: false, browserName: chrome, browserVersion: 138.0.7204.169, chrome: {chromedriverVersion: 138.0.7204.183 (e90faf484dd..., userDataDir: C:\Users\Admin\AppData\Loca...}, fedcm:accounts: true, goog:chromeOptions: {debuggerAddress: localhost:65493}, networkConnectionEnabled: false, pageLoadStrategy: normal, platformName: windows, proxy: Proxy(), se:cdp: ws://localhost:65493/devtoo..., se:cdpVersion: 138.0.7204.169, setWindowRect: true, strictFileInteractability: false, timeouts: {implicit: 0, pageLoad: 300000, script: 30000}, unhandledPromptBehavior: dismiss and notify, webauthn:extension:credBlob: true, webauthn:extension:largeBlob: true, webauthn:extension:minPinLength: true, webauthn:extension:prf: true, webauthn:virtualAuthenticators: true}
Session ID: b09135ca67906acf81bca66fe022c60f" type="org.openqa.selenium.NoSuchElementException">
      <![CDATA[org.openqa.selenium.NoSuchElementException: no such element: element not found
  (Session info: chrome=138.0.7204.169)
For documentation on this error, please visit: https://www.selenium.dev/documentation/webdriver/troubleshooting/errors#no-such-element-exception
Build info: version: '4.20.0', revision: '866c76ca80'
System info: os.name: 'Windows 11', os.arch: 'amd64', os.version: '10.0', java.version: '21.0.7'
Driver info: org.openqa.selenium.chrome.ChromeDriver
Command: [b09135ca67906acf81bca66fe022c60f, executeScript {args=[{element-6066-11e4-a52e-4f735466cecf=f.AFE0FAF83D8BF73512AD766B35099727.d.6E6E87D86B963475B62438DDCB9FFF22.e.83}], script=arguments[0].click();}]
Capabilities {acceptInsecureCerts: false, browserName: chrome, browserVersion: 138.0.7204.169, chrome: {chromedriverVersion: 138.0.7204.183 (e90faf484dd..., userDataDir: C:\Users\Admin\AppData\Loca...}, fedcm:accounts: true, goog:chromeOptions: {debuggerAddress: localhost:65493}, networkConnectionEnabled: false, pageLoadStrategy: normal, platformName: windows, proxy: Proxy(), se:cdp: ws://localhost:65493/devtoo..., se:cdpVersion: 138.0.7204.169, setWindowRect: true, strictFileInteractability: false, timeouts: {implicit: 0, pageLoad: 300000, script: 30000}, unhandledPromptBehavior: dismiss and notify, webauthn:extension:credBlob: true, webauthn:extension:largeBlob: true, webauthn:extension:minPinLength: true, webauthn:extension:prf: true, webauthn:virtualAuthenticators: true}
Session ID: b09135ca67906acf81bca66fe022c60f
at java.base/jdk.internal.reflect.DirectConstructorHandleAccessor.newInstance(DirectConstructorHandleAccessor.java:62)
at java.base/java.lang.reflect.Constructor.newInstanceWithCaller(Constructor.java:502)
at java.base/java.lang.reflect.Constructor.newInstance(Constructor.java:486)
at org.openqa.selenium.remote.ErrorCodec.decode(ErrorCodec.java:167)
at org.openqa.selenium.remote.codec.w3c.W3CHttpResponseCodec.decode(W3CHttpResponseCodec.java:138)
at org.openqa.selenium.remote.codec.w3c.W3CHttpResponseCodec.decode(W3CHttpResponseCodec.java:50)
at org.openqa.selenium.remote.HttpCommandExecutor.execute(HttpCommandExecutor.java:190)
at org.openqa.selenium.remote.service.DriverCommandExecutor.invokeExecute(DriverCommandExecutor.java:216)
at org.openqa.selenium.remote.service.DriverCommandExecutor.execute(DriverCommandExecutor.java:174)
at org.openqa.selenium.remote.RemoteWebDriver.execute(RemoteWebDriver.java:518)
at org.openqa.selenium.remote.RemoteWebDriver.executeScript(RemoteWebDriver.java:463)
at com.tech_Connect.Action.ActionClass.click(ActionClass.java:49)
at com.TechConnect.Base.AdminBaseClass.preCondition(AdminBaseClass.java:51)
at java.base/jdk.internal.reflect.DirectMethodHandleAccessor.invoke(DirectMethodHandleAccessor.java:103)
at java.base/java.lang.reflect.Method.invoke(Method.java:580)
at org.testng.internal.invokers.MethodInvocationHelper.invokeMethod(MethodInvocationHelper.java:141)
at org.testng.internal.invokers.MethodInvocationHelper.invokeMethodConsideringTimeout(MethodInvocationHelper.java:71)
at org.testng.internal.invokers.ConfigInvoker.invokeConfigurationMethod(ConfigInvoker.java:400)
at org.testng.internal.invokers.ConfigInvoker.invokeConfigurations(ConfigInvoker.java:333)
at org.testng.internal.invokers.TestMethodWorker.invokeBeforeClassMethods(TestMethodWorker.java:188)
at org.testng.internal.invokers.TestMethodWorker.run(TestMethodWorker.java:128)
at java.base/java.util.ArrayList.forEach(ArrayList.java:1596)
at org.testng.TestRunner.privateRun(TestRunner.java:741)
at org.testng.TestRunner.run(TestRunner.java:616)
at org.testng.SuiteRunner.runTest(SuiteRunner.java:421)
at org.testng.SuiteRunner.runSequentially(SuiteRunner.java:413)
at org.testng.SuiteRunner.privateRun(SuiteRunner.java:373)
at org.testng.SuiteRunner.run(SuiteRunner.java:312)
at org.testng.SuiteRunnerWorker.runSuite(SuiteRunnerWorker.java:52)
at org.testng.SuiteRunnerWorker.run(SuiteRunnerWorker.java:95)
at org.testng.TestNG.runSuitesSequentially(TestNG.java:1274)
at org.testng.TestNG.runSuitesLocally(TestNG.java:1208)
at org.testng.TestNG.runSuites(TestNG.java:1112)
at org.testng.TestNG.run(TestNG.java:1079)
at org.testng.remote.AbstractRemoteTestNG.run(AbstractRemoteTestNG.java:115)
at org.testng.remote.RemoteTestNG.initAndRun(RemoteTestNG.java:293)
at org.testng.remote.RemoteTestNG.main(RemoteTestNG.java:91)
]]>
    </error>
  </testcase> <!-- preCondition -->
  <testcase classname="adminWebinarValidationScript.UpdateWebinar" name="updateWebinar" time="0.000">
    <skipped/>
    <system-out>
      <![CDATA[âš ï¸ Test Skipped: updateWebinar
ðŸŸ¢ Executing Test: addSession]]>
    </system-out>
  </testcase> <!-- updateWebinar -->
  <testcase classname="adminWebinarValidationScript.UpdateWebinar" name="addSession" time="0.000">
    <skipped/>
    <system-out>
      <![CDATA[âš ï¸ Test Skipped: addSession
ðŸŸ¢ Executing Test: updateWebinarSession]]>
    </system-out>
  </testcase> <!-- addSession -->
  <testcase classname="adminWebinarValidationScript.UpdateWebinar" name="updateWebinarSession" time="0.000">
    <skipped/>
    <system-out>
      <![CDATA[âš ï¸ Test Skipped: updateWebinarSession
ðŸŸ¢ Executing Test: deleteWebinarSession]]>
    </system-out>
  </testcase> <!-- updateWebinarSession -->
  <testcase classname="adminWebinarValidationScript.UpdateWebinar" name="deleteWebinarSession" time="0.000">
    <skipped/>
    <system-out>
      <![CDATA[âš ï¸ Test Skipped: deleteWebinarSession
ðŸŸ¢ Executing Test: addSpeaker]]>
    </system-out>
  </testcase> <!-- deleteWebinarSession -->
  <testcase classname="adminWebinarValidationScript.UpdateWebinar" name="addSpeaker" time="0.000">
    <skipped/>
    <system-out>
      <![CDATA[âš ï¸ Test Skipped: addSpeaker
ðŸŸ¢ Executing Test: addExistingSpeaker]]>
    </system-out>
  </testcase> <!-- addSpeaker -->
  <testcase classname="adminWebinarValidationScript.UpdateWebinar" name="addExistingSpeaker" time="0.000">
    <skipped/>
    <system-out>
      <![CDATA[âš ï¸ Test Skipped: addExistingSpeaker
ðŸŸ¢ Executing Test: updateWebinarSpeaker]]>
    </system-out>
  </testcase> <!-- addExistingSpeaker -->
  <testcase classname="adminWebinarValidationScript.UpdateWebinar" name="updateWebinarSpeaker" time="0.000">
    <skipped/>
    <system-out>
      <![CDATA[âš ï¸ Test Skipped: updateWebinarSpeaker
ðŸŸ¢ Executing Test: deleteWebinarSpeaker]]>
    </system-out>
  </testcase> <!-- updateWebinarSpeaker -->
  <testcase classname="adminWebinarValidationScript.UpdateWebinar" name="deleteWebinarSpeaker" time="0.000">
    <skipped/>
    <system-out>
      <![CDATA[âš ï¸ Test Skipped: deleteWebinarSpeaker
ðŸŸ¢ Executing Test: addSponsor]]>
    </system-out>
  </testcase> <!-- deleteWebinarSpeaker -->
  <testcase classname="adminWebinarValidationScript.UpdateWebinar" name="addSponsor" time="0.000">
    <skipped/>
    <system-out>
      <![CDATA[âš ï¸ Test Skipped: addSponsor
ðŸŸ¢ Executing Test: addExistingSponsor]]>
    </system-out>
  </testcase> <!-- addSponsor -->
  <testcase classname="adminWebinarValidationScript.UpdateWebinar" name="addExistingSponsor" time="0.000">
    <skipped/>
    <system-out>
      <![CDATA[âš ï¸ Test Skipped: addExistingSponsor
ðŸŸ¢ Executing Test: updateWebinarSponsor]]>
    </system-out>
  </testcase> <!-- addExistingSponsor -->
  <testcase classname="adminWebinarValidationScript.UpdateWebinar" name="updateWebinarSponsor" time="0.000">
    <skipped/>
    <system-out>
      <![CDATA[âš ï¸ Test Skipped: updateWebinarSponsor
ðŸŸ¢ Executing Test: deleteWebinarSponsor]]>
    </system-out>
  </testcase> <!-- updateWebinarSponsor -->
  <testcase classname="adminWebinarValidationScript.UpdateWebinar" name="deleteWebinarSponsor" time="0.000">
    <skipped/>
    <system-out>
      <![CDATA[âš ï¸ Test Skipped: deleteWebinarSponsor
ðŸŸ¢ Executing Test: publishWebinar]]>
    </system-out>
  </testcase> <!-- deleteWebinarSponsor -->
  <testcase classname="adminWebinarValidationScript.UpdateWebinar" name="publishWebinar" time="0.000">
    <skipped/>
    <system-out>
      <![CDATA[âš ï¸ Test Skipped: publishWebinar
ðŸŸ¢ Executing Test: saveWebinarAsDraft]]>
    </system-out>
  </testcase> <!-- publishWebinar -->
  <testcase classname="adminWebinarValidationScript.UpdateWebinar" name="saveWebinarAsDraft" time="0.000">
    <skipped/>
    <system-out>
      <![CDATA[âš ï¸ Test Skipped: saveWebinarAsDraft
ðŸŸ¢ Executing Test: addZoomTest]]>
    </system-out>
  </testcase> <!-- saveWebinarAsDraft -->
  <testcase classname="adminWebinarValidationScript.UpdateWebinar" name="addZoomTest" time="0.000">
    <skipped/>
    <system-out>
      <![CDATA[âš ï¸ Test Skipped: addZoomTest
ðŸŸ¢ Executing Test: updateZoomTest]]>
    </system-out>
  </testcase> <!-- addZoomTest -->
  <testcase classname="adminWebinarValidationScript.UpdateWebinar" name="updateZoomTest" time="0.000">
    <skipped/>
    <system-out>
      <![CDATA[âš ï¸ Test Skipped: updateZoomTest
ðŸŸ¢ Executing Test: addRegistrant]]>
    </system-out>
  </testcase> <!-- updateZoomTest -->
  <testcase classname="adminWebinarValidationScript.UpdateWebinar" name="addRegistrant" time="0.000">
    <skipped/>
    <system-out>
      <![CDATA[âš ï¸ Test Skipped: addRegistrant
ðŸŸ¢ Executing Test: deleteRegistrant]]>
    </system-out>
  </testcase> <!-- addRegistrant -->
  <testcase classname="adminWebinarValidationScript.UpdateWebinar" name="deleteRegistrant" time="0.001">
    <skipped/>
    <system-out>
      <![CDATA[âš ï¸ Test Skipped: deleteRegistrant
ðŸŸ¢ Executing Test: deleteZoomTest]]>
    </system-out>
  </testcase> <!-- deleteRegistrant -->
  <testcase classname="adminWebinarValidationScript.UpdateWebinar" name="deleteZoomTest" time="0.000">
    <skipped/>
    <system-out>
      <![CDATA[âš ï¸ Test Skipped: deleteZoomTest
ðŸ Test Execution Completed!
ðŸš€ Test Execution Started at: 2025.07.30.18.01.37]]>
    </system-out>
  </testcase> <!-- deleteZoomTest -->
  <system-out>
    <![CDATA[ðŸš€ Test Execution Started at: 2025.07.30.18.00.34
Admin login successful
ðŸŸ¢ Executing Test: addNewWebinar
âŒ Test Failed: addNewWebinar | Reason: Expected condition failed: waiting for element to be clickable: Proxy element for: DefaultElementLocator 'By.xpath: //button[text()='Add New']' (tried for 30 second(s) with 500 milliseconds interval)
ðŸŸ¢ Executing Test: deleteWebinar
âŒ Test Failed: deleteWebinar | Reason: Cannot invoke "AdminCommonEventActions.EventsActionsTest.searchEvent(String)" because "this.eventsActionsTest" is null
ðŸ Test Execution Completed!
ðŸš€ Test Execution Started at: 2025.07.30.18.01.29
ðŸŸ¢ Executing Test: updateWebinar
âš ï¸ Test Skipped: updateWebinar
ðŸŸ¢ Executing Test: addSession
âš ï¸ Test Skipped: addSession
ðŸŸ¢ Executing Test: updateWebinarSession
âš ï¸ Test Skipped: updateWebinarSession
ðŸŸ¢ Executing Test: deleteWebinarSession
âš ï¸ Test Skipped: deleteWebinarSession
ðŸŸ¢ Executing Test: addSpeaker
âš ï¸ Test Skipped: addSpeaker
ðŸŸ¢ Executing Test: addExistingSpeaker
âš ï¸ Test Skipped: addExistingSpeaker
ðŸŸ¢ Executing Test: updateWebinarSpeaker
âš ï¸ Test Skipped: updateWebinarSpeaker
ðŸŸ¢ Executing Test: deleteWebinarSpeaker
âš ï¸ Test Skipped: deleteWebinarSpeaker
ðŸŸ¢ Executing Test: addSponsor
âš ï¸ Test Skipped: addSponsor
ðŸŸ¢ Executing Test: addExistingSponsor
âš ï¸ Test Skipped: addExistingSponsor
ðŸŸ¢ Executing Test: updateWebinarSponsor
âš ï¸ Test Skipped: updateWebinarSponsor
ðŸŸ¢ Executing Test: deleteWebinarSponsor
âš ï¸ Test Skipped: deleteWebinarSponsor
ðŸŸ¢ Executing Test: publishWebinar
âš ï¸ Test Skipped: publishWebinar
ðŸŸ¢ Executing Test: saveWebinarAsDraft
âš ï¸ Test Skipped: saveWebinarAsDraft
ðŸŸ¢ Executing Test: addZoomTest
âš ï¸ Test Skipped: addZoomTest
ðŸŸ¢ Executing Test: updateZoomTest
âš ï¸ Test Skipped: updateZoomTest
ðŸŸ¢ Executing Test: addRegistrant
âš ï¸ Test Skipped: addRegistrant
ðŸŸ¢ Executing Test: deleteRegistrant
âš ï¸ Test Skipped: deleteRegistrant
ðŸŸ¢ Executing Test: deleteZoomTest
âš ï¸ Test Skipped: deleteZoomTest
ðŸ Test Execution Completed!
ðŸš€ Test Execution Started at: 2025.07.30.18.01.37
ðŸŸ¢ Executing Test: verifyAttendeeCount
âš ï¸ Test Skipped: verifyAttendeeCount
ðŸŸ¢ Executing Test: sessionCountValidation
âš ï¸ Test Skipped: sessionCountValidation
ðŸŸ¢ Executing Test: verifySpeakerCount
âš ï¸ Test Skipped: verifySpeakerCount
ðŸŸ¢ Executing Test: verifySponsorCount
âš ï¸ Test Skipped: verifySponsorCount
ðŸŸ¢ Executing Test: verifyDaysToEventDisplayedCorrectly
âš ï¸ Test Skipped: verifyDaysToEventDisplayedCorrectly
ðŸ Test Execution Completed!
ðŸš€ Test Execution Started at: 2025.07.30.18.01.45
ðŸŸ¢ Executing Test: validateAddVideo
âš ï¸ Test Skipped: validateAddVideo
ðŸŸ¢ Executing Test: validateDeleteVideo
âš ï¸ Test Skipped: validateDeleteVideo
ðŸ Test Execution Completed!]]>
  </system-out>
</testsuite> <!-- adminWebinarValidationScript.UpdateWebinar -->
