<?xml version="1.0" encoding="UTF-8"?>
<!-- Generated by org.testng.reporters.JUnitReportReporter -->
<testsuite hostname="DESKTOP-AV62DVG" failures="0" tests="2" name="adminLoginPageValidationScripts.LoginValidations" time="7.430" errors="0" timestamp="2025-06-20T17:17:39 IST" skipped="0">
  <testcase classname="adminLoginPageValidationScripts.LoginValidations" name="loginValidation" time="2.052">
    <system-out>
      <![CDATA[🟢 Executing Test: loginValidation
✅ Test Passed: loginValidation]]>
    </system-out>
  </testcase> <!-- loginValidation -->
  <testcase classname="adminLoginPageValidationScripts.LoginValidations" name="loginWithInvalidCredentials" time="5.378">
    <system-out>
      <![CDATA[🟢 Executing Test: loginWithInvalidCredentials
✅ Test Passed: loginWithInvalidCredentials]]>
    </system-out>
  </testcase> <!-- loginWithInvalidCredentials -->
  <system-out>
    <![CDATA[🚀 Test Execution Started at: 2025.06.20.17.17.15
🟢 Executing Test: loginValidation
✅ Test Passed: loginValidation
🟢 Executing Test: loginWithInvalidCredentials
✅ Test Passed: loginWithInvalidCredentials]]>
  </system-out>
</testsuite> <!-- adminLoginPageValidationScripts.LoginValidations -->
