<?xml version="1.0" encoding="UTF-8"?>
<!-- Generated by org.testng.reporters.JUnitReportReporter -->
<testsuite hostname="DESKTOP-H75GT5C" failures="0" tests="1" name="WorkshopValidation.VerifyAddNewFunctionality" time="33.441" errors="0" timestamp="2025-04-24T11:54:39 IST" skipped="0">
  <testcase classname="WorkshopValidation.VerifyAddNewFunctionality" name="validateAddNew" time="33.441"/>
  <system-out>
    <![CDATA[🟢 Executing Test: validateAddNew
Workshop Created successfully
✅ Test Passed: validateAddNew]]>
  </system-out>
</testsuite> <!-- WorkshopValidation.VerifyAddNewFunctionality -->
