<?xml version="1.0" encoding="UTF-8"?>
<!-- Generated by org.testng.reporters.JUnitReportReporter -->
<testsuite hostname="DESKTOP-AV62DVG" failures="0" tests="1" name="UsersValidationScripts.UsersModuleValidation" time="29.673" errors="0" timestamp="2025-06-03T14:41:10 IST" skipped="0">
  <testcase classname="UsersValidationScripts.UsersModuleValidation" name="addUserWithInvalidInput" time="29.673">
    <system-out>
      <![CDATA[🟢 Executing Test: addUserWithInvalidInput
User is not added with invalid data
✅ Test Passed: addUserWithInvalidInput]]>
    </system-out>
  </testcase> <!-- addUserWithInvalidInput -->
  <system-out>
    <![CDATA[🚀 Test Execution Started at: 2025.06.03.14.40.39
🟢 Executing Test: addUserWithInvalidInput
User is not added with invalid data
✅ Test Passed: addUserWithInvalidInput]]>
  </system-out>
</testsuite> <!-- UsersValidationScripts.UsersModuleValidation -->
