<?xml version="1.0" encoding="UTF-8"?>
<!-- Generated by org.testng.reporters.JUnitReportReporter -->
<testsuite hostname="DESKTOP-AV62DVG" failures="0" tests="1" name="adminUsersValidationScripts.ImportUserValidation" time="24.755" errors="0" timestamp="2025-06-20T10:22:37 IST" skipped="0">
  <testcase classname="adminUsersValidationScripts.ImportUserValidation" name="importUserValidtion" time="24.755">
    <system-out>
      <![CDATA[🟢 Executing Test: importUserValidtion
Users are added successfully from excel file
✅ Test Passed: importUserValidtion]]>
    </system-out>
  </testcase> <!-- importUserValidtion -->
  <system-out>
    <![CDATA[🚀 Test Execution Started at: 2025.06.20.10.22.09
🟢 Executing Test: importUserValidtion
Users are added successfully from excel file
✅ Test Passed: importUserValidtion]]>
  </system-out>
</testsuite> <!-- adminUsersValidationScripts.ImportUserValidation -->
