<?xml version="1.0" encoding="UTF-8"?>
<!-- Generated by org.testng.reporters.JUnitReportReporter -->
<testsuite hostname="DESKTOP-AV62DVG" failures="0" tests="1" name="UsersValidationScripts.ImportUserValidation" time="12.957" errors="0" timestamp="2025-06-03T17:28:55 IST" skipped="0">
  <testcase classname="UsersValidationScripts.ImportUserValidation" name="importUserValidtion" time="12.957">
    <system-out>
      <![CDATA[🟢 Executing Test: importUserValidtion
Users are added successfully from excel file
✅ Test Passed: importUserValidtion]]>
    </system-out>
  </testcase> <!-- importUserValidtion -->
  <system-out>
    <![CDATA[🚀 Test Execution Started at: 2025.06.03.17.28.39
🟢 Executing Test: importUserValidtion
Users are added successfully from excel file
✅ Test Passed: importUserValidtion]]>
  </system-out>
</testsuite> <!-- UsersValidationScripts.ImportUserValidation -->
