<?xml version="1.0" encoding="UTF-8"?>
<!-- Generated by org.testng.reporters.JUnitReportReporter -->
<testsuite hostname="DESKTOP-AV62DVG" failures="0" tests="1" name="adminDashBoardValidationScripts.DashboardValidation" time="35.809" errors="0" timestamp="2025-06-20T16:38:01 IST" skipped="0">
  <testcase classname="adminDashBoardValidationScripts.DashboardValidation" name="redirectingElementValidation" time="35.809">
    <system-out>
      <![CDATA[🟢 Executing Test: redirectingElementValidation
✅ Test Passed: redirectingElementValidation]]>
    </system-out>
  </testcase> <!-- redirectingElementValidation -->
  <system-out>
    <![CDATA[🚀 Test Execution Started at: 2025.06.20.16.37.24
🟢 Executing Test: redirectingElementValidation
✅ Test Passed: redirectingElementValidation]]>
  </system-out>
</testsuite> <!-- adminDashBoardValidationScripts.DashboardValidation -->
