<?xml version="1.0" encoding="UTF-8"?>
<!-- Generated by org.testng.reporters.JUnitReportReporter -->
<testsuite hostname="DESKTOP-AV62DVG" failures="0" tests="2" name="adminWebinarValidationScript.ValidateAddNewWebinar" time="45.745" errors="2" timestamp="2025-07-30T18:01:52 IST" skipped="0">
  <testcase classname="adminWebinarValidationScript.ValidateAddNewWebinar" name="addNewWebinar" time="45.742">
    <error message="Expected condition failed: waiting for element to be clickable: Proxy element for: DefaultElementLocator &#039;By.xpath: //button[text()=&#039;Add New&#039;]&#039; (tried for 30 second(s) with 500 milliseconds interval)" type="org.openqa.selenium.TimeoutException">
      <![CDATA[org.openqa.selenium.TimeoutException: Expected condition failed: waiting for element to be clickable: Proxy element for: DefaultElementLocator 'By.xpath: //button[text()='Add New']' (tried for 30 second(s) with 500 milliseconds interval)
at org.openqa.selenium.support.ui.WebDriverWait.timeoutException(WebDriverWait.java:84)
at org.openqa.selenium.support.ui.FluentWait.until(FluentWait.java:228)
at com.tech_Connect.Action.ActionClass.click(ActionClass.java:44)
at adminWebinarValidationScript.ValidateAddNewWebinar.addNewWebinar(ValidateAddNewWebinar.java:37)
at java.base/jdk.internal.reflect.DirectMethodHandleAccessor.invoke(DirectMethodHandleAccessor.java:103)
at java.base/java.lang.reflect.Method.invoke(Method.java:580)
at org.testng.internal.invokers.MethodInvocationHelper.invokeMethod(MethodInvocationHelper.java:141)
at org.testng.internal.invokers.TestInvoker.invokeMethod(TestInvoker.java:687)
at org.testng.internal.invokers.TestInvoker.invokeTestMethod(TestInvoker.java:230)
at org.testng.internal.invokers.MethodRunner.runInSequence(MethodRunner.java:63)
at org.testng.internal.invokers.TestInvoker$MethodInvocationAgent.invoke(TestInvoker.java:995)
at org.testng.internal.invokers.TestInvoker.invokeTestMethods(TestInvoker.java:203)
at org.testng.internal.invokers.TestMethodWorker.invokeTestMethods(TestMethodWorker.java:154)
at org.testng.internal.invokers.TestMethodWorker.run(TestMethodWorker.java:134)
at java.base/java.util.ArrayList.forEach(ArrayList.java:1596)
at org.testng.TestRunner.privateRun(TestRunner.java:741)
at org.testng.TestRunner.run(TestRunner.java:616)
at org.testng.SuiteRunner.runTest(SuiteRunner.java:421)
at org.testng.SuiteRunner.runSequentially(SuiteRunner.java:413)
at org.testng.SuiteRunner.privateRun(SuiteRunner.java:373)
at org.testng.SuiteRunner.run(SuiteRunner.java:312)
at org.testng.SuiteRunnerWorker.runSuite(SuiteRunnerWorker.java:52)
at org.testng.SuiteRunnerWorker.run(SuiteRunnerWorker.java:95)
at org.testng.TestNG.runSuitesSequentially(TestNG.java:1274)
at org.testng.TestNG.runSuitesLocally(TestNG.java:1208)
at org.testng.TestNG.runSuites(TestNG.java:1112)
at org.testng.TestNG.run(TestNG.java:1079)
at org.testng.remote.AbstractRemoteTestNG.run(AbstractRemoteTestNG.java:115)
at org.testng.remote.RemoteTestNG.initAndRun(RemoteTestNG.java:293)
at org.testng.remote.RemoteTestNG.main(RemoteTestNG.java:91)
Caused by: org.openqa.selenium.NoSuchElementException: no such element: Unable to locate element: {"method":"xpath","selector":"//button[text()='Add New']"}
  (Session info: chrome=138.0.7204.169)
For documentation on this error, please visit: https://www.selenium.dev/documentation/webdriver/troubleshooting/errors#no-such-element-exception
Build info: version: '4.20.0', revision: '866c76ca80'
System info: os.name: 'Windows 11', os.arch: 'amd64', os.version: '10.0', java.version: '21.0.7'
Driver info: org.openqa.selenium.chrome.ChromeDriver
Command: [b09135ca67906acf81bca66fe022c60f, findElement {using=xpath, value=//button[text()='Add New']}]
Capabilities {acceptInsecureCerts: false, browserName: chrome, browserVersion: 138.0.7204.169, chrome: {chromedriverVersion: 138.0.7204.183 (e90faf484dd..., userDataDir: C:\Users\Admin\AppData\Loca...}, fedcm:accounts: true, goog:chromeOptions: {debuggerAddress: localhost:65493}, networkConnectionEnabled: false, pageLoadStrategy: normal, platformName: windows, proxy: Proxy(), se:cdp: ws://localhost:65493/devtoo..., se:cdpVersion: 138.0.7204.169, setWindowRect: true, strictFileInteractability: false, timeouts: {implicit: 0, pageLoad: 300000, script: 30000}, unhandledPromptBehavior: dismiss and notify, webauthn:extension:credBlob: true, webauthn:extension:largeBlob: true, webauthn:extension:minPinLength: true, webauthn:extension:prf: true, webauthn:virtualAuthenticators: true}
Session ID: b09135ca67906acf81bca66fe022c60f
at java.base/jdk.internal.reflect.DirectConstructorHandleAccessor.newInstance(DirectConstructorHandleAccessor.java:62)
at java.base/java.lang.reflect.Constructor.newInstanceWithCaller(Constructor.java:502)
at java.base/java.lang.reflect.Constructor.newInstance(Constructor.java:486)
at org.openqa.selenium.remote.ErrorCodec.decode(ErrorCodec.java:167)
at org.openqa.selenium.remote.codec.w3c.W3CHttpResponseCodec.decode(W3CHttpResponseCodec.java:138)
at org.openqa.selenium.remote.codec.w3c.W3CHttpResponseCodec.decode(W3CHttpResponseCodec.java:50)
at org.openqa.selenium.remote.HttpCommandExecutor.execute(HttpCommandExecutor.java:190)
at org.openqa.selenium.remote.service.DriverCommandExecutor.invokeExecute(DriverCommandExecutor.java:216)
at org.openqa.selenium.remote.service.DriverCommandExecutor.execute(DriverCommandExecutor.java:174)
at org.openqa.selenium.remote.RemoteWebDriver.execute(RemoteWebDriver.java:518)
at org.openqa.selenium.remote.ElementLocation$ElementFinder$2.findElement(ElementLocation.java:165)
at org.openqa.selenium.remote.ElementLocation.findElement(ElementLocation.java:59)
at org.openqa.selenium.remote.RemoteWebDriver.findElement(RemoteWebDriver.java:355)
at org.openqa.selenium.remote.RemoteWebDriver.findElement(RemoteWebDriver.java:349)
at org.openqa.selenium.support.pagefactory.DefaultElementLocator.findElement(DefaultElementLocator.java:68)
at org.openqa.selenium.support.pagefactory.internal.LocatingElementHandler.invoke(LocatingElementHandler.java:38)
at jdk.proxy2/jdk.proxy2.$Proxy16.isDisplayed(Unknown Source)
at org.openqa.selenium.support.ui.ExpectedConditions.elementIfVisible(ExpectedConditions.java:304)
at org.openqa.selenium.support.ui.ExpectedConditions$10.apply(ExpectedConditions.java:290)
at org.openqa.selenium.support.ui.ExpectedConditions$10.apply(ExpectedConditions.java:287)
at org.openqa.selenium.support.ui.ExpectedConditions$23.apply(ExpectedConditions.java:656)
at org.openqa.selenium.support.ui.ExpectedConditions$23.apply(ExpectedConditions.java:652)
at org.openqa.selenium.support.ui.FluentWait.until(FluentWait.java:203)
... 28 more
]]>
    </error>
    <system-out>
      <![CDATA[ðŸŸ¢ Executing Test: addNewWebinar
âŒ Test Failed: addNewWebinar | Reason: Expected condition failed: waiting for element to be clickable: Proxy element for: DefaultElementLocator 'By.xpath: //button[text()='Add New']' (tried for 30 second(s) with 500 milliseconds interval)]]>
    </system-out>
  </testcase> <!-- addNewWebinar -->
  <testcase classname="adminWebinarValidationScript.ValidateAddNewWebinar" name="deleteWebinar" time="0.003">
    <error message="Cannot invoke &quot;AdminCommonEventActions.EventsActionsTest.searchEvent(String)&quot; because &quot;this.eventsActionsTest&quot; is null" type="java.lang.NullPointerException">
      <![CDATA[java.lang.NullPointerException: Cannot invoke "AdminCommonEventActions.EventsActionsTest.searchEvent(String)" because "this.eventsActionsTest" is null
at adminWebinarValidationScript.ValidateAddNewWebinar.deleteWebinar(ValidateAddNewWebinar.java:51)
at java.base/jdk.internal.reflect.DirectMethodHandleAccessor.invoke(DirectMethodHandleAccessor.java:103)
at java.base/java.lang.reflect.Method.invoke(Method.java:580)
at org.testng.internal.invokers.MethodInvocationHelper.invokeMethod(MethodInvocationHelper.java:141)
at org.testng.internal.invokers.TestInvoker.invokeMethod(TestInvoker.java:687)
at org.testng.internal.invokers.TestInvoker.invokeTestMethod(TestInvoker.java:230)
at org.testng.internal.invokers.MethodRunner.runInSequence(MethodRunner.java:63)
at org.testng.internal.invokers.TestInvoker$MethodInvocationAgent.invoke(TestInvoker.java:995)
at org.testng.internal.invokers.TestInvoker.invokeTestMethods(TestInvoker.java:203)
at org.testng.internal.invokers.TestMethodWorker.invokeTestMethods(TestMethodWorker.java:154)
at org.testng.internal.invokers.TestMethodWorker.run(TestMethodWorker.java:134)
at java.base/java.util.ArrayList.forEach(ArrayList.java:1596)
at org.testng.TestRunner.privateRun(TestRunner.java:741)
at org.testng.TestRunner.run(TestRunner.java:616)
at org.testng.SuiteRunner.runTest(SuiteRunner.java:421)
at org.testng.SuiteRunner.runSequentially(SuiteRunner.java:413)
at org.testng.SuiteRunner.privateRun(SuiteRunner.java:373)
at org.testng.SuiteRunner.run(SuiteRunner.java:312)
at org.testng.SuiteRunnerWorker.runSuite(SuiteRunnerWorker.java:52)
at org.testng.SuiteRunnerWorker.run(SuiteRunnerWorker.java:95)
at org.testng.TestNG.runSuitesSequentially(TestNG.java:1274)
at org.testng.TestNG.runSuitesLocally(TestNG.java:1208)
at org.testng.TestNG.runSuites(TestNG.java:1112)
at org.testng.TestNG.run(TestNG.java:1079)
at org.testng.remote.AbstractRemoteTestNG.run(AbstractRemoteTestNG.java:115)
at org.testng.remote.RemoteTestNG.initAndRun(RemoteTestNG.java:293)
at org.testng.remote.RemoteTestNG.main(RemoteTestNG.java:91)
]]>
    </error>
    <system-out>
      <![CDATA[ðŸŸ¢ Executing Test: deleteWebinar
âŒ Test Failed: deleteWebinar | Reason: Cannot invoke "AdminCommonEventActions.EventsActionsTest.searchEvent(String)" because "this.eventsActionsTest" is null]]>
    </system-out>
  </testcase> <!-- deleteWebinar -->
  <system-out>
    <![CDATA[ðŸš€ Test Execution Started at: 2025.07.30.18.00.34
Admin login successful
ðŸŸ¢ Executing Test: addNewWebinar
âŒ Test Failed: addNewWebinar | Reason: Expected condition failed: waiting for element to be clickable: Proxy element for: DefaultElementLocator 'By.xpath: //button[text()='Add New']' (tried for 30 second(s) with 500 milliseconds interval)
ðŸŸ¢ Executing Test: deleteWebinar
âŒ Test Failed: deleteWebinar | Reason: Cannot invoke "AdminCommonEventActions.EventsActionsTest.searchEvent(String)" because "this.eventsActionsTest" is null
ðŸ Test Execution Completed!
ðŸš€ Test Execution Started at: 2025.07.30.18.01.29
ðŸŸ¢ Executing Test: updateWebinar
âš ï¸ Test Skipped: updateWebinar
ðŸŸ¢ Executing Test: addSession
âš ï¸ Test Skipped: addSession
ðŸŸ¢ Executing Test: updateWebinarSession
âš ï¸ Test Skipped: updateWebinarSession
ðŸŸ¢ Executing Test: deleteWebinarSession
âš ï¸ Test Skipped: deleteWebinarSession
ðŸŸ¢ Executing Test: addSpeaker
âš ï¸ Test Skipped: addSpeaker
ðŸŸ¢ Executing Test: addExistingSpeaker
âš ï¸ Test Skipped: addExistingSpeaker
ðŸŸ¢ Executing Test: updateWebinarSpeaker
âš ï¸ Test Skipped: updateWebinarSpeaker
ðŸŸ¢ Executing Test: deleteWebinarSpeaker
âš ï¸ Test Skipped: deleteWebinarSpeaker
ðŸŸ¢ Executing Test: addSponsor
âš ï¸ Test Skipped: addSponsor
ðŸŸ¢ Executing Test: addExistingSponsor
âš ï¸ Test Skipped: addExistingSponsor
ðŸŸ¢ Executing Test: updateWebinarSponsor
âš ï¸ Test Skipped: updateWebinarSponsor
ðŸŸ¢ Executing Test: deleteWebinarSponsor
âš ï¸ Test Skipped: deleteWebinarSponsor
ðŸŸ¢ Executing Test: publishWebinar
âš ï¸ Test Skipped: publishWebinar
ðŸŸ¢ Executing Test: saveWebinarAsDraft
âš ï¸ Test Skipped: saveWebinarAsDraft
ðŸŸ¢ Executing Test: addZoomTest
âš ï¸ Test Skipped: addZoomTest
ðŸŸ¢ Executing Test: updateZoomTest
âš ï¸ Test Skipped: updateZoomTest
ðŸŸ¢ Executing Test: addRegistrant
âš ï¸ Test Skipped: addRegistrant
ðŸŸ¢ Executing Test: deleteRegistrant
âš ï¸ Test Skipped: deleteRegistrant
ðŸŸ¢ Executing Test: deleteZoomTest
âš ï¸ Test Skipped: deleteZoomTest
ðŸ Test Execution Completed!
ðŸš€ Test Execution Started at: 2025.07.30.18.01.37
ðŸŸ¢ Executing Test: verifyAttendeeCount
âš ï¸ Test Skipped: verifyAttendeeCount
ðŸŸ¢ Executing Test: sessionCountValidation
âš ï¸ Test Skipped: sessionCountValidation
ðŸŸ¢ Executing Test: verifySpeakerCount
âš ï¸ Test Skipped: verifySpeakerCount
ðŸŸ¢ Executing Test: verifySponsorCount
âš ï¸ Test Skipped: verifySponsorCount
ðŸŸ¢ Executing Test: verifyDaysToEventDisplayedCorrectly
âš ï¸ Test Skipped: verifyDaysToEventDisplayedCorrectly
ðŸ Test Execution Completed!
ðŸš€ Test Execution Started at: 2025.07.30.18.01.45
ðŸŸ¢ Executing Test: validateAddVideo
âš ï¸ Test Skipped: validateAddVideo
ðŸŸ¢ Executing Test: validateDeleteVideo
âš ï¸ Test Skipped: validateDeleteVideo
ðŸ Test Execution Completed!]]>
  </system-out>
</testsuite> <!-- adminWebinarValidationScript.ValidateAddNewWebinar -->
