<?xml version="1.0" encoding="UTF-8"?>
<!-- Generated by org.testng.reporters.JUnitReportReporter -->
<testsuite hostname="DESKTOP-AV62DVG" failures="0" tests="1" name="LoginPageValidationScripts.LoginValidations" time="5.103" errors="0" timestamp="2025-06-09T11:14:24 IST" skipped="0">
  <testcase classname="LoginPageValidationScripts.LoginValidations" name="loginValidation" time="5.103">
    <system-out>
      <![CDATA[🟢 Executing Test: loginValidation
✅ Test Passed: loginValidation]]>
    </system-out>
  </testcase> <!-- loginValidation -->
  <system-out>
    <![CDATA[🚀 Test Execution Started at: 2025.06.09.11.14.18
🟢 Executing Test: loginValidation
✅ Test Passed: loginValidation]]>
  </system-out>
</testsuite> <!-- LoginPageValidationScripts.LoginValidations -->
