<?xml version="1.0" encoding="UTF-8"?>
<!-- Generated by org.testng.reporters.JUnitReportReporter -->
<testsuite hostname="DESKTOP-AV62DVG" failures="0" tests="1" name="adminWorkshopValidation.DetailsValidation" time="15.903" errors="0" timestamp="2025-06-20T17:30:08 IST" skipped="0">
  <testcase classname="adminWorkshopValidation.DetailsValidation" name="validateSessions" time="15.903">
    <system-out>
      <![CDATA[🟢 Executing Test: validateSessions
Session created successfully
Session Deleted successfully
✅ Test Passed: validateSessions]]>
    </system-out>
  </testcase> <!-- validateSessions -->
  <system-out>
    <![CDATA[🚀 Test Execution Started at: 2025.06.20.17.29.40
🟢 Executing Test: validateSessions
Session created successfully
Session Deleted successfully
✅ Test Passed: validateSessions]]>
  </system-out>
</testsuite> <!-- adminWorkshopValidation.DetailsValidation -->
