<?xml version="1.0" encoding="UTF-8"?>
<!-- Generated by org.testng.reporters.JUnitReportReporter -->
<testsuite hostname="DESKTOP-H75GT5C" failures="0" tests="4" name="WorkshopValidation.DetailsValidation" time="69.490" errors="0" timestamp="2025-04-24T17:26:41 IST" skipped="0">
  <testcase classname="WorkshopValidation.DetailsValidation" name="validateDetailsModule" time="12.438"/>
  <system-out>
    <![CDATA[🟢 Executing Test: validateDetailsModule
✅ Test Passed: validateDetailsModule]]>
  </system-out>
  <testcase classname="WorkshopValidation.DetailsValidation" name="validateExistingSpeakers" time="15.140"/>
  <system-out>
    <![CDATA[🟢 Executing Test: validateExistingSpeakers
Existing speaker is added successfully
✅ Test Passed: validateExistingSpeakers]]>
  </system-out>
  <testcase classname="WorkshopValidation.DetailsValidation" name="validateNewSpeaker" time="20.762"/>
  <system-out>
    <![CDATA[🟢 Executing Test: validateNewSpeaker
✅ Test Passed: validateNewSpeaker]]>
  </system-out>
  <testcase classname="WorkshopValidation.DetailsValidation" name="validateSessions" time="21.150"/>
  <system-out>
    <![CDATA[🟢 Executing Test: validateSessions
Session created successfully
Session Deleted successfully
✅ Test Passed: validateSessions]]>
  </system-out>
</testsuite> <!-- WorkshopValidation.DetailsValidation -->
