<?xml version="1.0" encoding="UTF-8"?>
<!-- Generated by org.testng.reporters.JUnitXMLReporter -->
<testsuite ignored="0" hostname="DESKTOP-AV62DVG" failures="0" tests="19" name="UpdateWebinarTest" time="8.276" errors="0" timestamp="2025-07-30T18:01:37 IST">
  <testcase classname="adminWebinarValidationScript.UpdateWebinar" name="updateWebinar" time="0.0">
    <skipped/>
  </testcase> <!-- updateWebinar -->
  <testcase classname="adminWebinarValidationScript.UpdateWebinar" name="addSession" time="0.0">
    <skipped/>
  </testcase> <!-- addSession -->
  <testcase classname="adminWebinarValidationScript.UpdateWebinar" name="updateWebinarSession" time="0.0">
    <skipped/>
  </testcase> <!-- updateWebinarSession -->
  <testcase classname="adminWebinarValidationScript.UpdateWebinar" name="deleteWebinarSession" time="0.0">
    <skipped/>
  </testcase> <!-- deleteWebinarSession -->
  <testcase classname="adminWebinarValidationScript.UpdateWebinar" name="addSpeaker" time="0.0">
    <skipped/>
  </testcase> <!-- addSpeaker -->
  <testcase classname="adminWebinarValidationScript.UpdateWebinar" name="addExistingSpeaker" time="0.0">
    <skipped/>
  </testcase> <!-- addExistingSpeaker -->
  <testcase classname="adminWebinarValidationScript.UpdateWebinar" name="updateWebinarSpeaker" time="0.0">
    <skipped/>
  </testcase> <!-- updateWebinarSpeaker -->
  <testcase classname="adminWebinarValidationScript.UpdateWebinar" name="deleteWebinarSpeaker" time="0.0">
    <skipped/>
  </testcase> <!-- deleteWebinarSpeaker -->
  <testcase classname="adminWebinarValidationScript.UpdateWebinar" name="addSponsor" time="0.0">
    <skipped/>
  </testcase> <!-- addSponsor -->
  <testcase classname="adminWebinarValidationScript.UpdateWebinar" name="addExistingSponsor" time="0.0">
    <skipped/>
  </testcase> <!-- addExistingSponsor -->
  <testcase classname="adminWebinarValidationScript.UpdateWebinar" name="updateWebinarSponsor" time="0.0">
    <skipped/>
  </testcase> <!-- updateWebinarSponsor -->
  <testcase classname="adminWebinarValidationScript.UpdateWebinar" name="deleteWebinarSponsor" time="0.0">
    <skipped/>
  </testcase> <!-- deleteWebinarSponsor -->
  <testcase classname="adminWebinarValidationScript.UpdateWebinar" name="publishWebinar" time="0.0">
    <skipped/>
  </testcase> <!-- publishWebinar -->
  <testcase classname="adminWebinarValidationScript.UpdateWebinar" name="saveWebinarAsDraft" time="0.0">
    <skipped/>
  </testcase> <!-- saveWebinarAsDraft -->
  <testcase classname="adminWebinarValidationScript.UpdateWebinar" name="addZoomTest" time="0.0">
    <skipped/>
  </testcase> <!-- addZoomTest -->
  <testcase classname="adminWebinarValidationScript.UpdateWebinar" name="updateZoomTest" time="0.0">
    <skipped/>
  </testcase> <!-- updateZoomTest -->
  <testcase classname="adminWebinarValidationScript.UpdateWebinar" name="addRegistrant" time="0.0">
    <skipped/>
  </testcase> <!-- addRegistrant -->
  <testcase classname="adminWebinarValidationScript.UpdateWebinar" name="deleteRegistrant" time="0.001">
    <skipped/>
  </testcase> <!-- deleteRegistrant -->
  <testcase classname="adminWebinarValidationScript.UpdateWebinar" name="deleteZoomTest" time="0.0">
    <skipped/>
  </testcase> <!-- deleteZoomTest -->
</testsuite> <!-- UpdateWebinarTest -->
