<?xml version="1.0" encoding="UTF-8"?>
<!-- Generated by org.testng.reporters.JUnitXMLReporter -->
<testsuite ignored="0" hostname="DESKTOP-AV62DVG" failures="0" tests="2" name="WebinarVideoValidationTest" time="6.859" errors="0" timestamp="2025-07-30T18:01:52 IST">
  <testcase classname="adminWebinarValidationScript.WebinarVideoValidation" name="validateAddVideo" time="0.0">
    <skipped/>
  </testcase> <!-- validateAddVideo -->
  <testcase classname="adminWebinarValidationScript.WebinarVideoValidation" name="validateDeleteVideo" time="0.0">
    <skipped/>
  </testcase> <!-- validateDeleteVideo -->
</testsuite> <!-- WebinarVideoValidationTest -->
